<?xml version="1.0" encoding="UTF-8" ?>
<testsuite tests="8" failures="4" name="LayeredArchitectureTest" time="5.391" errors="0" skipped="0">
  <properties>
[...]
</properties>
  <testcase classname="LayeredArchitectureTest" name="controller_dependencies_are_respected" time="5.28">
    <failure message="Architecture Violation [Priority: MEDIUM] - Rule &apos;Layered architecture consisting of
layer &apos;View&apos; (&apos;project.VIEW..&apos;)
layer &apos;Controller&apos; (&apos;project.CONTROLLER..&apos;)
layer &apos;Model&apos; (&apos;project.MODEL..&apos;)
layer &apos;Database&apos; (&apos;project.DAO..&apos;)
where layer &apos;Controller&apos; may not be accessed by any layer&apos; was violated (418 times):
Constructor &lt;project.VIEW.AccessoPortaleAmministratoreGUI.&lt;init&gt;(project.CONTROLLER.Controller)&gt; has parameter of type &lt;project.CONTROLLER.Controller&gt; in (AccessoPortaleAmministratoreGUI.java:0)
Constructor &lt;project.VIEW.AccessoPortaleAutoriGUI.&lt;init&gt;(project.CONTROLLER.Controller)&gt; has parameter of type &lt;project.CONTROLLER.Controller&gt; in (AccessoPortaleAutoriGUI.java:0)
Constructor &lt;project.VIEW.AggiungiAGerarchiaEsistenteDaModificaGUI.&lt;init&gt;(project.CONTROLLER.Controller, java.util.List, project.MODEL.Materiale)&gt; has parameter of type &lt;project.CONTROLLER.Controller&gt; in (AggiungiAGerarchiaEsistenteDaModificaGUI.java:0)
Constructor &lt;project.VIEW.AggiungiCategoriaAGerarchiaDaModificaGUI.&lt;init&gt;(project.CONTROLLER.Controller, project.MODEL.Materiale, project.MODEL.Categoria)&gt; has parameter of type &lt;project.CONTROLLER.Controller&gt; in (AggiungiCategoriaAGerarchiaDaModificaGUI.java:0)
Constructor &lt;project.VIEW.AggiungiCategoriaDaModificaGUI.&lt;init&gt;(project.CONTROLLER.Controller, project.MODEL.Materiale)&gt; has parameter of type &lt;project.CONTROLLER.Controller&gt; in (AggiungiCategoriaDaModificaGUI.java:0)
Constructor &lt;project.VIEW.AggiungiCategoriaEsistenteDaModificaGUI.&lt;init&gt;(project.CONTROLLER.Controller, java.util.List, project.MODEL.Materiale)&gt; has parameter of type &lt;project.CONTROLLER.Controller&gt; in (AggiungiCategoriaEsistenteDaModificaGUI.java:0)
Constructor &lt;project.VIEW.AggiungiCategoriaNuovaDaModificaGUI.&lt;init&gt;(project.CONTROLLER.Controller, project.MODEL.Materiale)&gt; has parameter of type &lt;project.CONTROLLER.Controller&gt; in (AggiungiCategoriaNuovaDaModificaGUI.java:0)
Constructor &lt;project.VIEW.AggiungiGerarchiaNuovaDaModificaGUI.&lt;init&gt;(project.CONTROLLER.Controller, project.MODEL.Materiale)&gt; has parameter of type &lt;project.CONTROLLER.Controller&gt; in (AggiungiGerarchiaNuovaDaModificaGUI.java:0)
Constructor &lt;project.VIEW.AggiuntaAGerarchiaEsistenteGUI.&lt;init&gt;(project.CONTROLLER.Controller, java.util.List, project.MODEL.Materiale)&gt; has parameter of type &lt;project.CONTROLLER.Controller&gt; in (AggiuntaAGerarchiaEsistenteGUI.java:0)
Constructor &lt;project.VIEW.AggiuntaCategoriaAGerarchiaGUI.&lt;init&gt;(project.CONTROLLER.Controller, project.MODEL.Materiale, project.MODEL.Categoria)&gt; has parameter of type &lt;project.CONTROLLER.Controller&gt; in (AggiuntaCategoriaAGerarchiaGUI.java:0)
Constructor &lt;project.VIEW.AggiuntaCategoriaEsistenteGUI.&lt;init&gt;(project.CONTROLLER.Controller, java.util.List, project.MODEL.Materiale)&gt; has parameter of type &lt;project.CONTROLLER.Controller&gt; in (AggiuntaCategoriaEsistenteGUI.java:0)
Constructor &lt;project.VIEW.AggiuntaCategoriaGUI.&lt;init&gt;(project.CONTROLLER.Controller, project.MODEL.Materiale)&gt; has parameter of type &lt;project.CONTROLLER.Controller&gt; in (AggiuntaCategoriaGUI.java:0)
Constructor &lt;project.VIEW.AggiuntaCategoriaNuovaGUI.&lt;init&gt;(project.CONTROLLER.Controller, project.MODEL.Materiale)&gt; has parameter of type &lt;project.CONTROLLER.Controller&gt; in (AggiuntaCategoriaNuovaGUI.java:0)
Constructor &lt;project.VIEW.AggiuntaCitazioneDaModificaGUI.&lt;init&gt;(project.CONTROLLER.Controller, java.util.List, project.MODEL.Materiale)&gt; has parameter of type &lt;project.CONTROLLER.Controller&gt; in (AggiuntaCitazioneDaModificaGUI.java:0)
Constructor &lt;project.VIEW.AggiuntaCitazioneGUI.&lt;init&gt;(project.CONTROLLER.Controller, java.util.List, project.MODEL.Materiale)&gt; has parameter of type &lt;project.CONTROLLER.Controller&gt; in (AggiuntaCitazioneGUI.java:0)
Constructor &lt;project.VIEW.AggiuntaGerarchiaNuovaGUI.&lt;init&gt;(project.CONTROLLER.Controller, project.MODEL.Materiale)&gt; has parameter of type &lt;project.CONTROLLER.Controller&gt; in (AggiuntaGerarchiaNuovaGUI.java:0)
Constructor &lt;project.VIEW.AggiuntaParolaChiaveGUI.&lt;init&gt;(project.CONTROLLER.Controller, project.MODEL.Materiale)&gt; has parameter of type &lt;project.CONTROLLER.Controller&gt; in (AggiuntaParolaChiaveGUI.java:0)
Constructor &lt;project.VIEW.HomeGUI.&lt;init&gt;(project.CONTROLLER.Controller)&gt; has parameter of type &lt;project.CONTROLLER.Controller&gt; in (HomeGUI.java:0)
Constructor &lt;project.VIEW.InserimentoArticoloSuConferenzaGUI.&lt;init&gt;(project.CONTROLLER.Controller)&gt; has parameter of type &lt;project.CONTROLLER.Controller&gt; in (InserimentoArticoloSuConferenzaGUI.java:0)
Constructor &lt;project.VIEW.InserimentoArticoloSuRivistaGUI.&lt;init&gt;(project.CONTROLLER.Controller)&gt; has parameter of type &lt;project.CONTROLLER.Controller&gt; in (InserimentoArticoloSuRivistaGUI.java:0)
Constructor &lt;project.VIEW.InserimentoDatasetGUI.&lt;init&gt;(project.CONTROLLER.Controller)&gt; has parameter of type &lt;project.CONTROLLER.Controller&gt; in (InserimentoDatasetGUI.java:0)
Constructor &lt;project.VIEW.InserimentoLibroGUI.&lt;init&gt;(project.CONTROLLER.Controller)&gt; has parameter of type &lt;project.CONTROLLER.Controller&gt; in (InserimentoLibroGUI.java:0)
Constructor &lt;project.VIEW.InserimentoRisorsaOnlineGUI.&lt;init&gt;(project.CONTROLLER.Controller)&gt; has parameter of type &lt;project.CONTROLLER.Controller&gt; in (InserimentoRisorsaOnlineGUI.java:0)
Constructor &lt;project.VIEW.InserisciMaterialeGUI.&lt;init&gt;(project.CONTROLLER.Controller)&gt; has parameter of type &lt;project.CONTROLLER.Controller&gt; in (InserisciMaterialeGUI.java:0)
Constructor &lt;project.VIEW.LibreriaGUI.&lt;init&gt;(project.CONTROLLER.Controller)&gt; has parameter of type &lt;project.CONTROLLER.Controller&gt; in (LibreriaGUI.java:0)
Constructor &lt;project.VIEW.ModificaArticoloSuConferenzaGUI.&lt;init&gt;(project.CONTROLLER.Controller, project.struttureDiAppoggio.RigaTabellaArticoloSuConferenza)&gt; has parameter of type &lt;project.CONTROLLER.Controller&gt; in (ModificaArticoloSuConferenzaGUI.java:0)
Constructor &lt;project.VIEW.ModificaArticoloSuRivistaGUI.&lt;init&gt;(project.CONTROLLER.Controller, project.struttureDiAppoggio.RigaTabellaArticoloSuRivista)&gt; has parameter of type &lt;project.CONTROLLER.Controller&gt; in (ModificaArticoloSuRivistaGUI.java:0)
Constructor &lt;project.VIEW.ModificaAutoreADMINGUI.&lt;init&gt;(project.CONTROLLER.Controller, project.MODEL.Autore)&gt; has parameter of type &lt;project.CONTROLLER.Controller&gt; in (ModificaAutoreADMINGUI.java:0)
Constructor &lt;project.VIEW.ModificaAutoriADMINGUI.&lt;init&gt;(project.CONTROLLER.Controller, java.util.List)&gt; has parameter of type &lt;project.CONTROLLER.Controller&gt; in (ModificaAutoriADMINGUI.java:0)
Constructor &lt;project.VIEW.ModificaCategorieGUI.&lt;init&gt;(project.CONTROLLER.Controller, java.util.List, project.MODEL.Materiale)&gt; has parameter of type &lt;project.CONTROLLER.Controller&gt; in (ModificaCategorieGUI.java:0)
Constructor &lt;project.VIEW.ModificaCitazioneGUI.&lt;init&gt;(project.CONTROLLER.Controller, java.util.List, project.MODEL.Materiale)&gt; has parameter of type &lt;project.CONTROLLER.Controller&gt; in (ModificaCitazioneGUI.java:0)
Constructor &lt;project.VIEW.ModificaDatasetGUI.&lt;init&gt;(project.CONTROLLER.Controller, project.struttureDiAppoggio.RigaTabellaDataset)&gt; has parameter of type &lt;project.CONTROLLER.Controller&gt; in (ModificaDatasetGUI.java:0)
Constructor &lt;project.VIEW.ModificaLibroGUI.&lt;init&gt;(project.CONTROLLER.Controller, project.struttureDiAppoggio.RigaTabellaLibro)&gt; has parameter of type &lt;project.CONTROLLER.Controller&gt; in (ModificaLibroGUI.java:0)
Constructor &lt;project.VIEW.ModificaMaterialeGUI.&lt;init&gt;(project.CONTROLLER.Controller, java.util.List)&gt; has parameter of type &lt;project.CONTROLLER.Controller&gt; in (ModificaMaterialeGUI.java:0)
Constructor &lt;project.VIEW.ModificaMaterialiADMINGUI.&lt;init&gt;(project.CONTROLLER.Controller, java.util.List)&gt; has parameter of type &lt;project.CONTROLLER.Controller&gt; in (ModificaMaterialiADMINGUI.java:0)
Constructor &lt;project.VIEW.ModificaParoleAssociateGUI.&lt;init&gt;(project.CONTROLLER.Controller, java.util.List, project.MODEL.Materiale)&gt; has parameter of type &lt;project.CONTROLLER.Controller&gt; in (ModificaParoleAssociateGUI.java:0)
Constructor &lt;project.VIEW.ModificaRisorsaOnlineGUI.&lt;init&gt;(project.CONTROLLER.Controller, project.struttureDiAppoggio.RigaTabellaRisorsaOnline)&gt; has parameter of type &lt;project.CONTROLLER.Controller&gt; in (ModificaRisorsaOnlineGUI.java:0)
Constructor &lt;project.VIEW.PortaleAmministratoreGUI.&lt;init&gt;(project.CONTROLLER.Controller)&gt; has parameter of type &lt;project.CONTROLLER.Controller&gt; in (PortaleAmministratoreGUI.java:0)
Constructor &lt;project.VIEW.PortaleAutoriGUI.&lt;init&gt;(project.CONTROLLER.Controller, project.MODEL.Autore)&gt; has parameter of type &lt;project.CONTROLLER.Controller&gt; in (PortaleAutoriGUI.java:0)
Constructor &lt;project.VIEW.RegistrazioneGUI.&lt;init&gt;(project.CONTROLLER.Controller)&gt; has parameter of type &lt;project.CONTROLLER.Controller&gt; in (RegistrazioneGUI.java:0)
Constructor &lt;project.VIEW.RicercaGUI.&lt;init&gt;(project.CONTROLLER.Controller)&gt; has parameter of type &lt;project.CONTROLLER.Controller&gt; in (RicercaGUI.java:0)
Constructor &lt;project.VIEW.VisualizzaArticoliSuConferenzaGUI.&lt;init&gt;(project.CONTROLLER.Controller, java.util.List)&gt; has parameter of type &lt;project.CONTROLLER.Controller&gt; in (VisualizzaArticoliSuConferenzaGUI.java:0)
Constructor &lt;project.VIEW.VisualizzaArticoliSuRivistaGUI.&lt;init&gt;(project.CONTROLLER.Controller, java.util.List)&gt; has parameter of type &lt;project.CONTROLLER.Controller&gt; in (VisualizzaArticoliSuRivistaGUI.java:0)
Constructor &lt;project.VIEW.VisualizzaCategorieGUI.&lt;init&gt;(project.CONTROLLER.Controller, java.util.List, java.lang.String)&gt; has parameter of type &lt;project.CONTROLLER.Controller&gt; in (VisualizzaCategorieGUI.java:0)
Constructor &lt;project.VIEW.VisualizzaCitazioniGUI.&lt;init&gt;(project.CONTROLLER.Controller, java.util.List, java.lang.String)&gt; has parameter of type &lt;project.CONTROLLER.Controller&gt; in (VisualizzaCitazioniGUI.java:0)
Constructor &lt;project.VIEW.VisualizzaDatasetGUI.&lt;init&gt;(project.CONTROLLER.Controller, java.util.List)&gt; has parameter of type &lt;project.CONTROLLER.Controller&gt; in (VisualizzaDatasetGUI.java:0)
Constructor &lt;project.VIEW.VisualizzaDettagliArticoloSuConferenzaGUI.&lt;init&gt;(project.CONTROLLER.Controller, project.struttureDiAppoggio.RigaTabellaArticoloSuConferenza)&gt; has parameter of type &lt;project.CONTROLLER.Controller&gt; in (VisualizzaDettagliArticoloSuConferenzaGUI.java:0)
Constructor &lt;project.VIEW.VisualizzaDettagliArticoloSuRivistaGUI.&lt;init&gt;(project.CONTROLLER.Controller, project.struttureDiAppoggio.RigaTabellaArticoloSuRivista)&gt; has parameter of type &lt;project.CONTROLLER.Controller&gt; in (VisualizzaDettagliArticoloSuRivistaGUI.java:0)
Constructor &lt;project.VIEW.VisualizzaDettagliDatasetGUI.&lt;init&gt;(project.CONTROLLER.Controller, project.struttureDiAppoggio.RigaTabellaDataset)&gt; has parameter of type &lt;project.CONTROLLER.Controller&gt; in (VisualizzaDettagliDatasetGUI.java:0)
Constructor &lt;project.VIEW.VisualizzaDettagliLibroGUI.&lt;init&gt;(project.CONTROLLER.Controller, project.struttureDiAppoggio.RigaTabellaLibro)&gt; has parameter of type &lt;project.CONTROLLER.Controller&gt; in (VisualizzaDettagliLibroGUI.java:0)
Constructor &lt;project.VIEW.VisualizzaDettagliRisorsaOnlineGUI.&lt;init&gt;(project.CONTROLLER.Controller, project.struttureDiAppoggio.RigaTabellaRisorsaOnline)&gt; has parameter of type &lt;project.CONTROLLER.Controller&gt; in (VisualizzaDettagliRisorsaOnlineGUI.java:0)
Constructor &lt;project.VIEW.VisualizzaLibreriaGUI.&lt;init&gt;(project.CONTROLLER.Controller, java.util.List)&gt; has parameter of type &lt;project.CONTROLLER.Controller&gt; in (VisualizzaLibreriaGUI.java:0)
Constructor &lt;project.VIEW.VisualizzaLibriGUI.&lt;init&gt;(project.CONTROLLER.Controller, java.util.List)&gt; has parameter of type &lt;project.CONTROLLER.Controller&gt; in (VisualizzaLibriGUI.java:0)
Constructor &lt;project.VIEW.VisualizzaParoleAssociateGUI.&lt;init&gt;(project.CONTROLLER.Controller, java.util.List, java.lang.String)&gt; has parameter of type &lt;project.CONTROLLER.Controller&gt; in (VisualizzaParoleAssociateGUI.java:0)
Constructor &lt;project.VIEW.VisualizzaRisorsaOnlineGUI.&lt;init&gt;(project.CONTROLLER.Controller, java.util.List)&gt; has parameter of type &lt;project.CONTROLLER.Controller&gt; in (VisualizzaRisorsaOnlineGUI.java:0)
Constructor &lt;project.VIEW.VisualizzaRisultatiGUI.&lt;init&gt;(project.CONTROLLER.Controller, java.util.List)&gt; has parameter of type &lt;project.CONTROLLER.Controller&gt; in (VisualizzaRisultatiGUI.java:0)
Field &lt;project.VIEW.AccessoPortaleAmministratoreGUI.controller&gt; has type &lt;project.CONTROLLER.Controller&gt; in (AccessoPortaleAmministratoreGUI.java:0)
Field &lt;project.VIEW.AccessoPortaleAutoriGUI.controller&gt; has type &lt;project.CONTROLLER.Controller&gt; in (AccessoPortaleAutoriGUI.java:0)
Field &lt;project.VIEW.AggiungiAGerarchiaEsistenteDaModificaGUI.controller&gt; has type &lt;project.CONTROLLER.Controller&gt; in (AggiungiAGerarchiaEsistenteDaModificaGUI.java:0)
Field &lt;project.VIEW.AggiungiCategoriaAGerarchiaDaModificaGUI.controller&gt; has type &lt;project.CONTROLLER.Controller&gt; in (AggiungiCategoriaAGerarchiaDaModificaGUI.java:0)
Field &lt;project.VIEW.AggiungiCategoriaDaModificaGUI.controller&gt; has type &lt;project.CONTROLLER.Controller&gt; in (AggiungiCategoriaDaModificaGUI.java:0)
Field &lt;project.VIEW.AggiungiCategoriaEsistenteDaModificaGUI.controller&gt; has type &lt;project.CONTROLLER.Controller&gt; in (AggiungiCategoriaEsistenteDaModificaGUI.java:0)
Field &lt;project.VIEW.AggiungiCategoriaNuovaDaModificaGUI.controller&gt; has type &lt;project.CONTROLLER.Controller&gt; in (AggiungiCategoriaNuovaDaModificaGUI.java:0)
Field &lt;project.VIEW.AggiungiGerarchiaNuovaDaModificaGUI.controller&gt; has type &lt;project.CONTROLLER.Controller&gt; in (AggiungiGerarchiaNuovaDaModificaGUI.java:0)
Field &lt;project.VIEW.AggiuntaAGerarchiaEsistenteGUI.controller&gt; has type &lt;project.CONTROLLER.Controller&gt; in (AggiuntaAGerarchiaEsistenteGUI.java:0)
Field &lt;project.VIEW.AggiuntaCategoriaAGerarchiaGUI.controller&gt; has type &lt;project.CONTROLLER.Controller&gt; in (AggiuntaCategoriaAGerarchiaGUI.java:0)
Field &lt;project.VIEW.AggiuntaCategoriaEsistenteGUI.controller&gt; has type &lt;project.CONTROLLER.Controller&gt; in (AggiuntaCategoriaEsistenteGUI.java:0)
Field &lt;project.VIEW.AggiuntaCategoriaGUI.controller&gt; has type &lt;project.CONTROLLER.Controller&gt; in (AggiuntaCategoriaGUI.java:0)
Field &lt;project.VIEW.AggiuntaCategoriaNuovaGUI.controller&gt; has type &lt;project.CONTROLLER.Controller&gt; in (AggiuntaCategoriaNuovaGUI.java:0)
Field &lt;project.VIEW.AggiuntaCitazioneDaModificaGUI.controller&gt; has type &lt;project.CONTROLLER.Controller&gt; in (AggiuntaCitazioneDaModificaGUI.java:0)
Field &lt;project.VIEW.AggiuntaCitazioneGUI.controller&gt; has type &lt;project.CONTROLLER.Controller&gt; in (AggiuntaCitazioneGUI.java:0)
Field &lt;project.VIEW.AggiuntaGerarchiaNuovaGUI.controller&gt; has type &lt;project.CONTROLLER.Controller&gt; in (AggiuntaGerarchiaNuovaGUI.java:0)
Field &lt;project.VIEW.AggiuntaParolaChiaveGUI.controller&gt; has type &lt;project.CONTROLLER.Controller&gt; in (AggiuntaParolaChiaveGUI.java:0)
Field &lt;project.VIEW.HomeGUI.controller&gt; has type &lt;project.CONTROLLER.Controller&gt; in (HomeGUI.java:0)
Field &lt;project.VIEW.InserimentoArticoloSuConferenzaGUI.controller&gt; has type &lt;project.CONTROLLER.Controller&gt; in (InserimentoArticoloSuConferenzaGUI.java:0)
Field &lt;project.VIEW.InserimentoArticoloSuRivistaGUI.controller&gt; has type &lt;project.CONTROLLER.Controller&gt; in (InserimentoArticoloSuRivistaGUI.java:0)
Field &lt;project.VIEW.InserimentoDatasetGUI.controller&gt; has type &lt;project.CONTROLLER.Controller&gt; in (InserimentoDatasetGUI.java:0)
Field &lt;project.VIEW.InserimentoLibroGUI.controller&gt; has type &lt;project.CONTROLLER.Controller&gt; in (InserimentoLibroGUI.java:0)
Field &lt;project.VIEW.InserimentoRisorsaOnlineGUI.controller&gt; has type &lt;project.CONTROLLER.Controller&gt; in (InserimentoRisorsaOnlineGUI.java:0)
Field &lt;project.VIEW.InserisciMaterialeGUI.controller&gt; has type &lt;project.CONTROLLER.Controller&gt; in (InserisciMaterialeGUI.java:0)
Field &lt;project.VIEW.LibreriaGUI.controller&gt; has type &lt;project.CONTROLLER.Controller&gt; in (LibreriaGUI.java:0)
Field &lt;project.VIEW.ModificaArticoloSuConferenzaGUI.controller&gt; has type &lt;project.CONTROLLER.Controller&gt; in (ModificaArticoloSuConferenzaGUI.java:0)
Field &lt;project.VIEW.ModificaArticoloSuRivistaGUI.controller&gt; has type &lt;project.CONTROLLER.Controller&gt; in (ModificaArticoloSuRivistaGUI.java:0)
Field &lt;project.VIEW.ModificaAutoreADMINGUI.controller&gt; has type &lt;project.CONTROLLER.Controller&gt; in (ModificaAutoreADMINGUI.java:0)
Field &lt;project.VIEW.ModificaAutoriADMINGUI.controller&gt; has type &lt;project.CONTROLLER.Controller&gt; in (ModificaAutoriADMINGUI.java:0)
Field &lt;project.VIEW.ModificaCategorieGUI.controller&gt; has type &lt;project.CONTROLLER.Controller&gt; in (ModificaCategorieGUI.java:0)
Field &lt;project.VIEW.ModificaCitazioneGUI.controller&gt; has type &lt;project.CONTROLLER.Controller&gt; in (ModificaCitazioneGUI.java:0)
Field &lt;project.VIEW.ModificaDatasetGUI.controller&gt; has type &lt;project.CONTROLLER.Controller&gt; in (ModificaDatasetGUI.java:0)
Field &lt;project.VIEW.ModificaLibroGUI.controller&gt; has type &lt;project.CONTROLLER.Controller&gt; in (ModificaLibroGUI.java:0)
Field &lt;project.VIEW.ModificaMaterialeGUI.controller&gt; has type &lt;project.CONTROLLER.Controller&gt; in (ModificaMaterialeGUI.java:0)
Field &lt;project.VIEW.ModificaMaterialiADMINGUI.controller&gt; has type &lt;project.CONTROLLER.Controller&gt; in (ModificaMaterialiADMINGUI.java:0)
Field &lt;project.VIEW.ModificaParoleAssociateGUI.controller&gt; has type &lt;project.CONTROLLER.Controller&gt; in (ModificaParoleAssociateGUI.java:0)
Field &lt;project.VIEW.ModificaRisorsaOnlineGUI.controller&gt; has type &lt;project.CONTROLLER.Controller&gt; in (ModificaRisorsaOnlineGUI.java:0)
Field &lt;project.VIEW.PortaleAmministratoreGUI.controller&gt; has type &lt;project.CONTROLLER.Controller&gt; in (PortaleAmministratoreGUI.java:0)
Field &lt;project.VIEW.PortaleAutoriGUI.controller&gt; has type &lt;project.CONTROLLER.Controller&gt; in (PortaleAutoriGUI.java:0)
Field &lt;project.VIEW.RegistrazioneGUI.controller&gt; has type &lt;project.CONTROLLER.Controller&gt; in (RegistrazioneGUI.java:0)
Field &lt;project.VIEW.RicercaGUI.controller&gt; has type &lt;project.CONTROLLER.Controller&gt; in (RicercaGUI.java:0)
Field &lt;project.VIEW.VisualizzaArticoliSuConferenzaGUI.controller&gt; has type &lt;project.CONTROLLER.Controller&gt; in (VisualizzaArticoliSuConferenzaGUI.java:0)
Field &lt;project.VIEW.VisualizzaArticoliSuRivistaGUI.controller&gt; has type &lt;project.CONTROLLER.Controller&gt; in (VisualizzaArticoliSuRivistaGUI.java:0)
Field &lt;project.VIEW.VisualizzaCategorieGUI.controller&gt; has type &lt;project.CONTROLLER.Controller&gt; in (VisualizzaCategorieGUI.java:0)
Field &lt;project.VIEW.VisualizzaCitazioniGUI.controller&gt; has type &lt;project.CONTROLLER.Controller&gt; in (VisualizzaCitazioniGUI.java:0)
Field &lt;project.VIEW.VisualizzaDatasetGUI.controller&gt; has type &lt;project.CONTROLLER.Controller&gt; in (VisualizzaDatasetGUI.java:0)
Field &lt;project.VIEW.VisualizzaDettagliArticoloSuConferenzaGUI.controller&gt; has type &lt;project.CONTROLLER.Controller&gt; in (VisualizzaDettagliArticoloSuConferenzaGUI.java:0)
Field &lt;project.VIEW.VisualizzaDettagliArticoloSuRivistaGUI.controller&gt; has type &lt;project.CONTROLLER.Controller&gt; in (VisualizzaDettagliArticoloSuRivistaGUI.java:0)
Field &lt;project.VIEW.VisualizzaDettagliDatasetGUI.controller&gt; has type &lt;project.CONTROLLER.Controller&gt; in (VisualizzaDettagliDatasetGUI.java:0)
Field &lt;project.VIEW.VisualizzaDettagliLibroGUI.controller&gt; has type &lt;project.CONTROLLER.Controller&gt; in (VisualizzaDettagliLibroGUI.java:0)
Field &lt;project.VIEW.VisualizzaDettagliRisorsaOnlineGUI.controller&gt; has type &lt;project.CONTROLLER.Controller&gt; in (VisualizzaDettagliRisorsaOnlineGUI.java:0)
Field &lt;project.VIEW.VisualizzaLibreriaGUI.controller&gt; has type &lt;project.CONTROLLER.Controller&gt; in (VisualizzaLibreriaGUI.java:0)
Field &lt;project.VIEW.VisualizzaLibriGUI.controller&gt; has type &lt;project.CONTROLLER.Controller&gt; in (VisualizzaLibriGUI.java:0)
Field &lt;project.VIEW.VisualizzaParoleAssociateGUI.controller&gt; has type &lt;project.CONTROLLER.Controller&gt; in (VisualizzaParoleAssociateGUI.java:0)
Field &lt;project.VIEW.VisualizzaRisorsaOnlineGUI.controller&gt; has type &lt;project.CONTROLLER.Controller&gt; in (VisualizzaRisorsaOnlineGUI.java:0)
Field &lt;project.VIEW.VisualizzaRisultatiGUI.controller&gt; has type &lt;project.CONTROLLER.Controller&gt; in (VisualizzaRisultatiGUI.java:0)
Method &lt;project.VIEW.AccessoPortaleAmministratoreGUI$1.loginAmministrazione()&gt; calls method &lt;project.CONTROLLER.Controller.loginAmministratore(java.lang.String, java.lang.String)&gt; in (AccessoPortaleAmministratoreGUI.java:66)
Method &lt;project.VIEW.AccessoPortaleAmministratoreGUI$3.actionPerformed(java.awt.event.ActionEvent)&gt; calls method &lt;project.CONTROLLER.Controller.openHome()&gt; in (AccessoPortaleAmministratoreGUI.java:116)
Method &lt;project.VIEW.AccessoPortaleAutoriGUI$1.loginAutore()&gt; calls method &lt;project.CONTROLLER.Controller.loginAutore(java.lang.String, java.lang.String)&gt; in (AccessoPortaleAutoriGUI.java:66)
Method &lt;project.VIEW.AccessoPortaleAutoriGUI$2.actionPerformed(java.awt.event.ActionEvent)&gt; calls method &lt;project.CONTROLLER.Controller.openRegistrazione()&gt; in (AccessoPortaleAutoriGUI.java:98)
Method &lt;project.VIEW.AccessoPortaleAutoriGUI$4.actionPerformed(java.awt.event.ActionEvent)&gt; calls method &lt;project.CONTROLLER.Controller.openHome()&gt; in (AccessoPortaleAutoriGUI.java:134)
Method &lt;project.VIEW.AggiungiAGerarchiaEsistenteDaModificaGUI$1.actionPerformed(java.awt.event.ActionEvent)&gt; calls method &lt;project.CONTROLLER.Controller.openAggiungiCategoriaAGerarchiaDaModifica(project.MODEL.Materiale, project.MODEL.Categoria)&gt; in (AggiungiAGerarchiaEsistenteDaModificaGUI.java:95)
Method &lt;project.VIEW.AggiungiAGerarchiaEsistenteDaModificaGUI$1.actionPerformed(java.awt.event.ActionEvent)&gt; calls method &lt;project.CONTROLLER.Controller.openDialog(java.lang.String)&gt; in (AggiungiAGerarchiaEsistenteDaModificaGUI.java:101)
Method &lt;project.VIEW.AggiungiAGerarchiaEsistenteDaModificaGUI$2.actionPerformed(java.awt.event.ActionEvent)&gt; calls method &lt;project.CONTROLLER.Controller.openAggiungiCategoriaDaModifica(project.MODEL.Materiale)&gt; in (AggiungiAGerarchiaEsistenteDaModificaGUI.java:114)
Method &lt;project.VIEW.AggiungiCategoriaAGerarchiaDaModificaGUI$1.actionPerformed(java.awt.event.ActionEvent)&gt; calls method &lt;project.CONTROLLER.Controller.associaCategoriaAGerarchia(project.MODEL.Materiale, project.MODEL.Categoria)&gt; in (AggiungiCategoriaAGerarchiaDaModificaGUI.java:84)
Method &lt;project.VIEW.AggiungiCategoriaAGerarchiaDaModificaGUI$1.actionPerformed(java.awt.event.ActionEvent)&gt; calls method &lt;project.CONTROLLER.Controller.openDialog(java.lang.String)&gt; in (AggiungiCategoriaAGerarchiaDaModificaGUI.java:78)
Method &lt;project.VIEW.AggiungiCategoriaAGerarchiaDaModificaGUI$1.actionPerformed(java.awt.event.ActionEvent)&gt; calls method &lt;project.CONTROLLER.Controller.openDialog(java.lang.String)&gt; in (AggiungiCategoriaAGerarchiaDaModificaGUI.java:87)
Method &lt;project.VIEW.AggiungiCategoriaAGerarchiaDaModificaGUI$1.actionPerformed(java.awt.event.ActionEvent)&gt; calls method &lt;project.CONTROLLER.Controller.openDialog(java.lang.String)&gt; in (AggiungiCategoriaAGerarchiaDaModificaGUI.java:90)
Method &lt;project.VIEW.AggiungiCategoriaAGerarchiaDaModificaGUI$2.actionPerformed(java.awt.event.ActionEvent)&gt; calls method &lt;project.CONTROLLER.Controller.openModificaCategorie(project.MODEL.Materiale)&gt; in (AggiungiCategoriaAGerarchiaDaModificaGUI.java:118)
Method &lt;project.VIEW.AggiungiCategoriaAGerarchiaDaModificaGUI$3.actionPerformed(java.awt.event.ActionEvent)&gt; calls method &lt;project.CONTROLLER.Controller.openAggiuntaAGerarchiaEsistenteDaModifica(project.MODEL.Materiale)&gt; in (AggiungiCategoriaAGerarchiaDaModificaGUI.java:136)
Method &lt;project.VIEW.AggiungiCategoriaDaModificaGUI$1.actionPerformed(java.awt.event.ActionEvent)&gt; calls method &lt;project.CONTROLLER.Controller.openAggiungiCategoriaNuovaDaModifica(project.MODEL.Materiale)&gt; in (AggiungiCategoriaDaModificaGUI.java:52)
Method &lt;project.VIEW.AggiungiCategoriaDaModificaGUI$2.actionPerformed(java.awt.event.ActionEvent)&gt; calls method &lt;project.CONTROLLER.Controller.openAggiungiCategoriaEsistenteDaModifica(project.MODEL.Materiale)&gt; in (AggiungiCategoriaDaModificaGUI.java:63)
Method &lt;project.VIEW.AggiungiCategoriaDaModificaGUI$3.actionPerformed(java.awt.event.ActionEvent)&gt; calls method &lt;project.CONTROLLER.Controller.openModificaCategorie(project.MODEL.Materiale)&gt; in (AggiungiCategoriaDaModificaGUI.java:77)
Method &lt;project.VIEW.AggiungiCategoriaEsistenteDaModificaGUI$1.actionPerformed(java.awt.event.ActionEvent)&gt; calls method &lt;project.CONTROLLER.Controller.associaCategoriaEsistente(project.MODEL.Materiale, project.MODEL.Categoria)&gt; in (AggiungiCategoriaEsistenteDaModificaGUI.java:97)
Method &lt;project.VIEW.AggiungiCategoriaEsistenteDaModificaGUI$1.actionPerformed(java.awt.event.ActionEvent)&gt; calls method &lt;project.CONTROLLER.Controller.openDialog(java.lang.String)&gt; in (AggiungiCategoriaEsistenteDaModificaGUI.java:103)
Method &lt;project.VIEW.AggiungiCategoriaEsistenteDaModificaGUI$2.actionPerformed(java.awt.event.ActionEvent)&gt; calls method &lt;project.CONTROLLER.Controller.openAggiungiCategoriaDaModifica(project.MODEL.Materiale)&gt; in (AggiungiCategoriaEsistenteDaModificaGUI.java:116)
Method &lt;project.VIEW.AggiungiCategoriaNuovaDaModificaGUI$1.actionPerformed(java.awt.event.ActionEvent)&gt; calls method &lt;project.CONTROLLER.Controller.openAggiuntaGerarchiaNuovaDaModifica(project.MODEL.Materiale)&gt; in (AggiungiCategoriaNuovaDaModificaGUI.java:55)
Method &lt;project.VIEW.AggiungiCategoriaNuovaDaModificaGUI$2.actionPerformed(java.awt.event.ActionEvent)&gt; calls method &lt;project.CONTROLLER.Controller.openAggiuntaAGerarchiaEsistenteDaModifica(project.MODEL.Materiale)&gt; in (AggiungiCategoriaNuovaDaModificaGUI.java:66)
Method &lt;project.VIEW.AggiungiGerarchiaNuovaDaModificaGUI$1.actionPerformed(java.awt.event.ActionEvent)&gt; calls method &lt;project.CONTROLLER.Controller.associaCategoria(project.MODEL.Materiale, project.MODEL.Categoria)&gt; in (AggiungiGerarchiaNuovaDaModificaGUI.java:83)
Method &lt;project.VIEW.AggiungiGerarchiaNuovaDaModificaGUI$1.actionPerformed(java.awt.event.ActionEvent)&gt; calls method &lt;project.CONTROLLER.Controller.openDialog(java.lang.String)&gt; in (AggiungiGerarchiaNuovaDaModificaGUI.java:78)
Method &lt;project.VIEW.AggiungiGerarchiaNuovaDaModificaGUI$1.actionPerformed(java.awt.event.ActionEvent)&gt; calls method &lt;project.CONTROLLER.Controller.openDialog(java.lang.String)&gt; in (AggiungiGerarchiaNuovaDaModificaGUI.java:86)
Method &lt;project.VIEW.AggiungiGerarchiaNuovaDaModificaGUI$1.actionPerformed(java.awt.event.ActionEvent)&gt; calls method &lt;project.CONTROLLER.Controller.openDialog(java.lang.String)&gt; in (AggiungiGerarchiaNuovaDaModificaGUI.java:89)
Method &lt;project.VIEW.AggiungiGerarchiaNuovaDaModificaGUI$2.actionPerformed(java.awt.event.ActionEvent)&gt; calls method &lt;project.CONTROLLER.Controller.openAggiungiCategoriaDaModifica(project.MODEL.Materiale)&gt; in (AggiungiGerarchiaNuovaDaModificaGUI.java:123)
Method &lt;project.VIEW.AggiuntaAGerarchiaEsistenteGUI$1.actionPerformed(java.awt.event.ActionEvent)&gt; calls method &lt;project.CONTROLLER.Controller.openAggiuntaCategoriaAGerarchia(project.MODEL.Materiale, project.MODEL.Categoria)&gt; in (AggiuntaAGerarchiaEsistenteGUI.java:95)
Method &lt;project.VIEW.AggiuntaAGerarchiaEsistenteGUI$1.actionPerformed(java.awt.event.ActionEvent)&gt; calls method &lt;project.CONTROLLER.Controller.openDialog(java.lang.String)&gt; in (AggiuntaAGerarchiaEsistenteGUI.java:101)
Method &lt;project.VIEW.AggiuntaAGerarchiaEsistenteGUI$2.actionPerformed(java.awt.event.ActionEvent)&gt; calls method &lt;project.CONTROLLER.Controller.openAggiuntaCategoria(project.MODEL.Materiale)&gt; in (AggiuntaAGerarchiaEsistenteGUI.java:114)
Method &lt;project.VIEW.AggiuntaCategoriaAGerarchiaGUI$1.actionPerformed(java.awt.event.ActionEvent)&gt; calls method &lt;project.CONTROLLER.Controller.associaCategoriaAGerarchia(project.MODEL.Materiale, project.MODEL.Categoria)&gt; in (AggiuntaCategoriaAGerarchiaGUI.java:84)
Method &lt;project.VIEW.AggiuntaCategoriaAGerarchiaGUI$1.actionPerformed(java.awt.event.ActionEvent)&gt; calls method &lt;project.CONTROLLER.Controller.openDialog(java.lang.String)&gt; in (AggiuntaCategoriaAGerarchiaGUI.java:78)
Method &lt;project.VIEW.AggiuntaCategoriaAGerarchiaGUI$1.actionPerformed(java.awt.event.ActionEvent)&gt; calls method &lt;project.CONTROLLER.Controller.openDialog(java.lang.String)&gt; in (AggiuntaCategoriaAGerarchiaGUI.java:87)
Method &lt;project.VIEW.AggiuntaCategoriaAGerarchiaGUI$1.actionPerformed(java.awt.event.ActionEvent)&gt; calls method &lt;project.CONTROLLER.Controller.openDialog(java.lang.String)&gt; in (AggiuntaCategoriaAGerarchiaGUI.java:90)
Method &lt;project.VIEW.AggiuntaCategoriaAGerarchiaGUI$2.actionPerformed(java.awt.event.ActionEvent)&gt; calls method &lt;project.CONTROLLER.Controller.returnToPortaleAutori()&gt; in (AggiuntaCategoriaAGerarchiaGUI.java:117)
Method &lt;project.VIEW.AggiuntaCategoriaAGerarchiaGUI$3.actionPerformed(java.awt.event.ActionEvent)&gt; calls method &lt;project.CONTROLLER.Controller.openAggiuntaAGerarchiaEsistente(project.MODEL.Materiale)&gt; in (AggiuntaCategoriaAGerarchiaGUI.java:135)
Method &lt;project.VIEW.AggiuntaCategoriaEsistenteGUI$1.actionPerformed(java.awt.event.ActionEvent)&gt; calls method &lt;project.CONTROLLER.Controller.associaCategoriaEsistente(project.MODEL.Materiale, project.MODEL.Categoria)&gt; in (AggiuntaCategoriaEsistenteGUI.java:97)
Method &lt;project.VIEW.AggiuntaCategoriaEsistenteGUI$1.actionPerformed(java.awt.event.ActionEvent)&gt; calls method &lt;project.CONTROLLER.Controller.openDialog(java.lang.String)&gt; in (AggiuntaCategoriaEsistenteGUI.java:103)
Method &lt;project.VIEW.AggiuntaCategoriaEsistenteGUI$2.actionPerformed(java.awt.event.ActionEvent)&gt; calls method &lt;project.CONTROLLER.Controller.openAggiuntaCategoria(project.MODEL.Materiale)&gt; in (AggiuntaCategoriaEsistenteGUI.java:116)
Method &lt;project.VIEW.AggiuntaCategoriaGUI$1.actionPerformed(java.awt.event.ActionEvent)&gt; calls method &lt;project.CONTROLLER.Controller.openAggiuntaCategoriaNuova(project.MODEL.Materiale)&gt; in (AggiuntaCategoriaGUI.java:50)
Method &lt;project.VIEW.AggiuntaCategoriaGUI$2.actionPerformed(java.awt.event.ActionEvent)&gt; calls method &lt;project.CONTROLLER.Controller.openAggiungiCategoriaEsistente(project.MODEL.Materiale)&gt; in (AggiuntaCategoriaGUI.java:61)
Method &lt;project.VIEW.AggiuntaCategoriaGUI$3.actionPerformed(java.awt.event.ActionEvent)&gt; calls method &lt;project.CONTROLLER.Controller.chiediCitazioni(project.MODEL.Materiale)&gt; in (AggiuntaCategoriaGUI.java:74)
Method &lt;project.VIEW.AggiuntaCategoriaNuovaGUI$1.actionPerformed(java.awt.event.ActionEvent)&gt; calls method &lt;project.CONTROLLER.Controller.openAggiuntaGerarchiaNuova(project.MODEL.Materiale)&gt; in (AggiuntaCategoriaNuovaGUI.java:55)
Method &lt;project.VIEW.AggiuntaCategoriaNuovaGUI$2.actionPerformed(java.awt.event.ActionEvent)&gt; calls method &lt;project.CONTROLLER.Controller.openAggiuntaAGerarchiaEsistente(project.MODEL.Materiale)&gt; in (AggiuntaCategoriaNuovaGUI.java:66)
Method &lt;project.VIEW.AggiuntaCitazioneDaModificaGUI$1.actionPerformed(java.awt.event.ActionEvent)&gt; calls method &lt;project.CONTROLLER.Controller.aggiungiCitazione(project.MODEL.Citazione)&gt; in (AggiuntaCitazioneDaModificaGUI.java:101)
Method &lt;project.VIEW.AggiuntaCitazioneDaModificaGUI$1.actionPerformed(java.awt.event.ActionEvent)&gt; calls method &lt;project.CONTROLLER.Controller.openDialog(java.lang.String)&gt; in (AggiuntaCitazioneDaModificaGUI.java:107)
Method &lt;project.VIEW.AggiuntaCitazioneDaModificaGUI$1.actionPerformed(java.awt.event.ActionEvent)&gt; calls method &lt;project.CONTROLLER.Controller.openDialog(java.lang.String)&gt; in (AggiuntaCitazioneDaModificaGUI.java:112)
Method &lt;project.VIEW.AggiuntaCitazioneDaModificaGUI$1.actionPerformed(java.awt.event.ActionEvent)&gt; calls method &lt;project.CONTROLLER.Controller.openDialog(java.lang.String)&gt; in (AggiuntaCitazioneDaModificaGUI.java:91)
Method &lt;project.VIEW.AggiuntaCitazioneDaModificaGUI$2.actionPerformed(java.awt.event.ActionEvent)&gt; calls method &lt;project.CONTROLLER.Controller.openModificaCitazioni(project.MODEL.Materiale)&gt; in (AggiuntaCitazioneDaModificaGUI.java:127)
Method &lt;project.VIEW.AggiuntaCitazioneGUI$1.actionPerformed(java.awt.event.ActionEvent)&gt; calls method &lt;project.CONTROLLER.Controller.aggiungiCitazione(project.MODEL.Citazione)&gt; in (AggiuntaCitazioneGUI.java:101)
Method &lt;project.VIEW.AggiuntaCitazioneGUI$1.actionPerformed(java.awt.event.ActionEvent)&gt; calls method &lt;project.CONTROLLER.Controller.openDialog(java.lang.String)&gt; in (AggiuntaCitazioneGUI.java:107)
Method &lt;project.VIEW.AggiuntaCitazioneGUI$1.actionPerformed(java.awt.event.ActionEvent)&gt; calls method &lt;project.CONTROLLER.Controller.openDialog(java.lang.String)&gt; in (AggiuntaCitazioneGUI.java:112)
Method &lt;project.VIEW.AggiuntaCitazioneGUI$1.actionPerformed(java.awt.event.ActionEvent)&gt; calls method &lt;project.CONTROLLER.Controller.openDialog(java.lang.String)&gt; in (AggiuntaCitazioneGUI.java:91)
Method &lt;project.VIEW.AggiuntaCitazioneGUI$2.actionPerformed(java.awt.event.ActionEvent)&gt; calls method &lt;project.CONTROLLER.Controller.returnToPortaleAutori()&gt; in (AggiuntaCitazioneGUI.java:127)
Method &lt;project.VIEW.AggiuntaGerarchiaNuovaGUI$1.actionPerformed(java.awt.event.ActionEvent)&gt; calls method &lt;project.CONTROLLER.Controller.associaCategoria(project.MODEL.Materiale, project.MODEL.Categoria)&gt; in (AggiuntaGerarchiaNuovaGUI.java:83)
Method &lt;project.VIEW.AggiuntaGerarchiaNuovaGUI$1.actionPerformed(java.awt.event.ActionEvent)&gt; calls method &lt;project.CONTROLLER.Controller.openDialog(java.lang.String)&gt; in (AggiuntaGerarchiaNuovaGUI.java:78)
Method &lt;project.VIEW.AggiuntaGerarchiaNuovaGUI$1.actionPerformed(java.awt.event.ActionEvent)&gt; calls method &lt;project.CONTROLLER.Controller.openDialog(java.lang.String)&gt; in (AggiuntaGerarchiaNuovaGUI.java:86)
Method &lt;project.VIEW.AggiuntaGerarchiaNuovaGUI$1.actionPerformed(java.awt.event.ActionEvent)&gt; calls method &lt;project.CONTROLLER.Controller.openDialog(java.lang.String)&gt; in (AggiuntaGerarchiaNuovaGUI.java:89)
Method &lt;project.VIEW.AggiuntaGerarchiaNuovaGUI$2.actionPerformed(java.awt.event.ActionEvent)&gt; calls method &lt;project.CONTROLLER.Controller.openAggiuntaCategoria(project.MODEL.Materiale)&gt; in (AggiuntaGerarchiaNuovaGUI.java:122)
Method &lt;project.VIEW.AggiuntaParolaChiaveGUI$1.actionPerformed(java.awt.event.ActionEvent)&gt; calls method &lt;project.CONTROLLER.Controller.associaParola(project.MODEL.Materiale, project.MODEL.ParolaChiave)&gt; in (AggiuntaParolaChiaveGUI.java:76)
Method &lt;project.VIEW.AggiuntaParolaChiaveGUI$1.actionPerformed(java.awt.event.ActionEvent)&gt; calls method &lt;project.CONTROLLER.Controller.openDialog(java.lang.String)&gt; in (AggiuntaParolaChiaveGUI.java:72)
Method &lt;project.VIEW.AggiuntaParolaChiaveGUI$1.actionPerformed(java.awt.event.ActionEvent)&gt; calls method &lt;project.CONTROLLER.Controller.openDialog(java.lang.String)&gt; in (AggiuntaParolaChiaveGUI.java:79)
Method &lt;project.VIEW.AggiuntaParolaChiaveGUI$2.actionPerformed(java.awt.event.ActionEvent)&gt; calls method &lt;project.CONTROLLER.Controller.chiediCategoria(project.MODEL.Materiale)&gt; in (AggiuntaParolaChiaveGUI.java:95)
Method &lt;project.VIEW.HomeGUI$1.actionPerformed(java.awt.event.ActionEvent)&gt; calls method &lt;project.CONTROLLER.Controller.openLibreria()&gt; in (HomeGUI.java:53)
Method &lt;project.VIEW.HomeGUI$2.actionPerformed(java.awt.event.ActionEvent)&gt; calls method &lt;project.CONTROLLER.Controller.openAccessoPortaleAutori()&gt; in (HomeGUI.java:63)
Method &lt;project.VIEW.HomeGUI$3.actionPerformed(java.awt.event.ActionEvent)&gt; calls method &lt;project.CONTROLLER.Controller.openAccessoPortaleAmministratore()&gt; in (HomeGUI.java:74)
Method &lt;project.VIEW.InserimentoArticoloSuConferenzaGUI$1.actionPerformed(java.awt.event.ActionEvent)&gt; calls method &lt;project.CONTROLLER.Controller.chiediParolaChiave(project.MODEL.Materiale)&gt; in (InserimentoArticoloSuConferenzaGUI.java:298)
Method &lt;project.VIEW.InserimentoArticoloSuConferenzaGUI$1.actionPerformed(java.awt.event.ActionEvent)&gt; calls method &lt;project.CONTROLLER.Controller.getAutore()&gt; in (InserimentoArticoloSuConferenzaGUI.java:297)
Method &lt;project.VIEW.InserimentoArticoloSuConferenzaGUI$1.actionPerformed(java.awt.event.ActionEvent)&gt; calls method &lt;project.CONTROLLER.Controller.inserisciArticoloSuConferenza(project.MODEL.ArticoloSuConferenza)&gt; in (InserimentoArticoloSuConferenzaGUI.java:296)
Method &lt;project.VIEW.InserimentoArticoloSuConferenzaGUI$1.actionPerformed(java.awt.event.ActionEvent)&gt; calls method &lt;project.CONTROLLER.Controller.inserisciPubblicazione(java.lang.String, java.lang.String, java.util.Date)&gt; in (InserimentoArticoloSuConferenzaGUI.java:297)
Method &lt;project.VIEW.InserimentoArticoloSuConferenzaGUI$1.actionPerformed(java.awt.event.ActionEvent)&gt; calls method &lt;project.CONTROLLER.Controller.openDialog(java.lang.String)&gt; in (InserimentoArticoloSuConferenzaGUI.java:305)
Method &lt;project.VIEW.InserimentoArticoloSuConferenzaGUI$2.actionPerformed(java.awt.event.ActionEvent)&gt; calls method &lt;project.CONTROLLER.Controller.openInsesciMaterialeGUI()&gt; in (InserimentoArticoloSuConferenzaGUI.java:329)
Method &lt;project.VIEW.InserimentoArticoloSuRivistaGUI$1.actionPerformed(java.awt.event.ActionEvent)&gt; calls method &lt;project.CONTROLLER.Controller.chiediParolaChiave(project.MODEL.Materiale)&gt; in (InserimentoArticoloSuRivistaGUI.java:279)
Method &lt;project.VIEW.InserimentoArticoloSuRivistaGUI$1.actionPerformed(java.awt.event.ActionEvent)&gt; calls method &lt;project.CONTROLLER.Controller.getAutore()&gt; in (InserimentoArticoloSuRivistaGUI.java:278)
Method &lt;project.VIEW.InserimentoArticoloSuRivistaGUI$1.actionPerformed(java.awt.event.ActionEvent)&gt; calls method &lt;project.CONTROLLER.Controller.inserisciArticoloSuRivista(project.MODEL.ArticoloSuRivista)&gt; in (InserimentoArticoloSuRivistaGUI.java:277)
Method &lt;project.VIEW.InserimentoArticoloSuRivistaGUI$1.actionPerformed(java.awt.event.ActionEvent)&gt; calls method &lt;project.CONTROLLER.Controller.inserisciPubblicazione(java.lang.String, java.lang.String, java.util.Date)&gt; in (InserimentoArticoloSuRivistaGUI.java:278)
Method &lt;project.VIEW.InserimentoArticoloSuRivistaGUI$1.actionPerformed(java.awt.event.ActionEvent)&gt; calls method &lt;project.CONTROLLER.Controller.openDialog(java.lang.String)&gt; in (InserimentoArticoloSuRivistaGUI.java:286)
Method &lt;project.VIEW.InserimentoArticoloSuRivistaGUI$2.actionPerformed(java.awt.event.ActionEvent)&gt; calls method &lt;project.CONTROLLER.Controller.openInsesciMaterialeGUI()&gt; in (InserimentoArticoloSuRivistaGUI.java:331)
Method &lt;project.VIEW.InserimentoDatasetGUI$1.inserisciDataset(javax.swing.JSpinner, javax.swing.JSpinner, javax.swing.JTextArea, com.toedter.calendar.JDateChooser)&gt; calls method &lt;project.CONTROLLER.Controller.chiediParolaChiave(project.MODEL.Materiale)&gt; in (InserimentoDatasetGUI.java:223)
Method &lt;project.VIEW.InserimentoDatasetGUI$1.inserisciDataset(javax.swing.JSpinner, javax.swing.JSpinner, javax.swing.JTextArea, com.toedter.calendar.JDateChooser)&gt; calls method &lt;project.CONTROLLER.Controller.getAutore()&gt; in (InserimentoDatasetGUI.java:222)
Method &lt;project.VIEW.InserimentoDatasetGUI$1.inserisciDataset(javax.swing.JSpinner, javax.swing.JSpinner, javax.swing.JTextArea, com.toedter.calendar.JDateChooser)&gt; calls method &lt;project.CONTROLLER.Controller.inserisciDataset(project.MODEL.Dataset)&gt; in (InserimentoDatasetGUI.java:221)
Method &lt;project.VIEW.InserimentoDatasetGUI$1.inserisciDataset(javax.swing.JSpinner, javax.swing.JSpinner, javax.swing.JTextArea, com.toedter.calendar.JDateChooser)&gt; calls method &lt;project.CONTROLLER.Controller.inserisciPubblicazione(java.lang.String, java.lang.String, java.util.Date)&gt; in (InserimentoDatasetGUI.java:222)
Method &lt;project.VIEW.InserimentoDatasetGUI$1.inserisciDataset(javax.swing.JSpinner, javax.swing.JSpinner, javax.swing.JTextArea, com.toedter.calendar.JDateChooser)&gt; calls method &lt;project.CONTROLLER.Controller.openDialog(java.lang.String)&gt; in (InserimentoDatasetGUI.java:230)
Method &lt;project.VIEW.InserimentoDatasetGUI$2.actionPerformed(java.awt.event.ActionEvent)&gt; calls method &lt;project.CONTROLLER.Controller.openInsesciMaterialeGUI()&gt; in (InserimentoDatasetGUI.java:258)
Method &lt;project.VIEW.InserimentoLibroGUI$1.inserisciLibro(javax.swing.JComboBox, javax.swing.JSpinner, javax.swing.JTextArea)&gt; calls method &lt;project.CONTROLLER.Controller.chiediParolaChiave(project.MODEL.Materiale)&gt; in (InserimentoLibroGUI.java:255)
Method &lt;project.VIEW.InserimentoLibroGUI$1.inserisciLibro(javax.swing.JComboBox, javax.swing.JSpinner, javax.swing.JTextArea)&gt; calls method &lt;project.CONTROLLER.Controller.getAutore()&gt; in (InserimentoLibroGUI.java:254)
Method &lt;project.VIEW.InserimentoLibroGUI$1.inserisciLibro(javax.swing.JComboBox, javax.swing.JSpinner, javax.swing.JTextArea)&gt; calls method &lt;project.CONTROLLER.Controller.inserisciLibro(project.MODEL.Libro)&gt; in (InserimentoLibroGUI.java:253)
Method &lt;project.VIEW.InserimentoLibroGUI$1.inserisciLibro(javax.swing.JComboBox, javax.swing.JSpinner, javax.swing.JTextArea)&gt; calls method &lt;project.CONTROLLER.Controller.inserisciPubblicazione(java.lang.String, java.lang.String, java.util.Date)&gt; in (InserimentoLibroGUI.java:254)
Method &lt;project.VIEW.InserimentoLibroGUI$1.inserisciLibro(javax.swing.JComboBox, javax.swing.JSpinner, javax.swing.JTextArea)&gt; calls method &lt;project.CONTROLLER.Controller.openDialog(java.lang.String)&gt; in (InserimentoLibroGUI.java:261)
Method &lt;project.VIEW.InserimentoLibroGUI$2.actionPerformed(java.awt.event.ActionEvent)&gt; calls method &lt;project.CONTROLLER.Controller.openInsesciMaterialeGUI()&gt; in (InserimentoLibroGUI.java:313)
Method &lt;project.VIEW.InserimentoRisorsaOnlineGUI$1.inserisciRisorsaOnline(javax.swing.JTextArea, com.toedter.calendar.JDateChooser)&gt; calls method &lt;project.CONTROLLER.Controller.chiediParolaChiave(project.MODEL.Materiale)&gt; in (InserimentoRisorsaOnlineGUI.java:174)
Method &lt;project.VIEW.InserimentoRisorsaOnlineGUI$1.inserisciRisorsaOnline(javax.swing.JTextArea, com.toedter.calendar.JDateChooser)&gt; calls method &lt;project.CONTROLLER.Controller.getAutore()&gt; in (InserimentoRisorsaOnlineGUI.java:173)
Method &lt;project.VIEW.InserimentoRisorsaOnlineGUI$1.inserisciRisorsaOnline(javax.swing.JTextArea, com.toedter.calendar.JDateChooser)&gt; calls method &lt;project.CONTROLLER.Controller.inserisciPubblicazione(java.lang.String, java.lang.String, java.util.Date)&gt; in (InserimentoRisorsaOnlineGUI.java:173)
Method &lt;project.VIEW.InserimentoRisorsaOnlineGUI$1.inserisciRisorsaOnline(javax.swing.JTextArea, com.toedter.calendar.JDateChooser)&gt; calls method &lt;project.CONTROLLER.Controller.inserisciRisorsaOnline(project.MODEL.RisorsaOnline)&gt; in (InserimentoRisorsaOnlineGUI.java:172)
Method &lt;project.VIEW.InserimentoRisorsaOnlineGUI$1.inserisciRisorsaOnline(javax.swing.JTextArea, com.toedter.calendar.JDateChooser)&gt; calls method &lt;project.CONTROLLER.Controller.openDialog(java.lang.String)&gt; in (InserimentoRisorsaOnlineGUI.java:182)
Method &lt;project.VIEW.InserimentoRisorsaOnlineGUI$2.actionPerformed(java.awt.event.ActionEvent)&gt; calls method &lt;project.CONTROLLER.Controller.openInsesciMaterialeGUI()&gt; in (InserimentoRisorsaOnlineGUI.java:209)
Method &lt;project.VIEW.InserisciMaterialeGUI$1.actionPerformed(java.awt.event.ActionEvent)&gt; calls method &lt;project.CONTROLLER.Controller.openInserimentoLibro()&gt; in (InserisciMaterialeGUI.java:53)
Method &lt;project.VIEW.InserisciMaterialeGUI$2.actionPerformed(java.awt.event.ActionEvent)&gt; calls method &lt;project.CONTROLLER.Controller.openInserimentoDataset()&gt; in (InserisciMaterialeGUI.java:62)
Method &lt;project.VIEW.InserisciMaterialeGUI$3.actionPerformed(java.awt.event.ActionEvent)&gt; calls method &lt;project.CONTROLLER.Controller.openInserimentoArticoloSuConferenza()&gt; in (InserisciMaterialeGUI.java:72)
Method &lt;project.VIEW.InserisciMaterialeGUI$4.actionPerformed(java.awt.event.ActionEvent)&gt; calls method &lt;project.CONTROLLER.Controller.openInserimentoArticoloSuRivista()&gt; in (InserisciMaterialeGUI.java:82)
Method &lt;project.VIEW.InserisciMaterialeGUI$5.actionPerformed(java.awt.event.ActionEvent)&gt; calls method &lt;project.CONTROLLER.Controller.openInserimentoRisoraOnline()&gt; in (InserisciMaterialeGUI.java:92)
Method &lt;project.VIEW.InserisciMaterialeGUI$6.actionPerformed(java.awt.event.ActionEvent)&gt; calls method &lt;project.CONTROLLER.Controller.returnToPortaleAutori()&gt; in (InserisciMaterialeGUI.java:103)
Method &lt;project.VIEW.LibreriaGUI$1.actionPerformed(java.awt.event.ActionEvent)&gt; calls method &lt;project.CONTROLLER.Controller.openRicerca()&gt; in (LibreriaGUI.java:48)
Method &lt;project.VIEW.LibreriaGUI$2.actionPerformed(java.awt.event.ActionEvent)&gt; calls method &lt;project.CONTROLLER.Controller.openVisualizzaLibreria()&gt; in (LibreriaGUI.java:57)
Method &lt;project.VIEW.LibreriaGUI$3.actionPerformed(java.awt.event.ActionEvent)&gt; calls method &lt;project.CONTROLLER.Controller.getADMIN()&gt; in (LibreriaGUI.java:69)
Method &lt;project.VIEW.LibreriaGUI$3.actionPerformed(java.awt.event.ActionEvent)&gt; calls method &lt;project.CONTROLLER.Controller.getAutore()&gt; in (LibreriaGUI.java:74)
Method &lt;project.VIEW.LibreriaGUI$3.actionPerformed(java.awt.event.ActionEvent)&gt; calls method &lt;project.CONTROLLER.Controller.openHome()&gt; in (LibreriaGUI.java:75)
Method &lt;project.VIEW.LibreriaGUI$3.actionPerformed(java.awt.event.ActionEvent)&gt; calls method &lt;project.CONTROLLER.Controller.openPortaleAmministratore()&gt; in (LibreriaGUI.java:70)
Method &lt;project.VIEW.LibreriaGUI$3.actionPerformed(java.awt.event.ActionEvent)&gt; calls method &lt;project.CONTROLLER.Controller.openPortaleAutori()&gt; in (LibreriaGUI.java:79)
Method &lt;project.VIEW.ModificaArticoloSuConferenzaGUI$1.actionPerformed(java.awt.event.ActionEvent)&gt; calls method &lt;project.CONTROLLER.Controller.getAutore()&gt; in (ModificaArticoloSuConferenzaGUI.java:303)
Method &lt;project.VIEW.ModificaArticoloSuConferenzaGUI$1.actionPerformed(java.awt.event.ActionEvent)&gt; calls method &lt;project.CONTROLLER.Controller.openDialog(java.lang.String)&gt; in (ModificaArticoloSuConferenzaGUI.java:312)
Method &lt;project.VIEW.ModificaArticoloSuConferenzaGUI$1.actionPerformed(java.awt.event.ActionEvent)&gt; calls method &lt;project.CONTROLLER.Controller.openModificaMateriale()&gt; in (ModificaArticoloSuConferenzaGUI.java:308)
Method &lt;project.VIEW.ModificaArticoloSuConferenzaGUI$1.actionPerformed(java.awt.event.ActionEvent)&gt; calls method &lt;project.CONTROLLER.Controller.updateArticoloSuConferenza(project.MODEL.ArticoloSuConferenza, project.MODEL.ArticoloSuConferenza)&gt; in (ModificaArticoloSuConferenzaGUI.java:301)
Method &lt;project.VIEW.ModificaArticoloSuConferenzaGUI$1.actionPerformed(java.awt.event.ActionEvent)&gt; calls method &lt;project.CONTROLLER.Controller.updatePubblicazione(java.lang.String, java.lang.String, java.util.Date)&gt; in (ModificaArticoloSuConferenzaGUI.java:303)
Method &lt;project.VIEW.ModificaArticoloSuConferenzaGUI$2.actionPerformed(java.awt.event.ActionEvent)&gt; calls method &lt;project.CONTROLLER.Controller.getADMIN()&gt; in (ModificaArticoloSuConferenzaGUI.java:322)
Method &lt;project.VIEW.ModificaArticoloSuConferenzaGUI$2.actionPerformed(java.awt.event.ActionEvent)&gt; calls method &lt;project.CONTROLLER.Controller.openModificaMateriale()&gt; in (ModificaArticoloSuConferenzaGUI.java:325)
Method &lt;project.VIEW.ModificaArticoloSuConferenzaGUI$2.actionPerformed(java.awt.event.ActionEvent)&gt; calls method &lt;project.CONTROLLER.Controller.openModificaMaterialeADMIN()&gt; in (ModificaArticoloSuConferenzaGUI.java:323)
Method &lt;project.VIEW.ModificaArticoloSuConferenzaGUI$3.actionPerformed(java.awt.event.ActionEvent)&gt; calls method &lt;project.CONTROLLER.Controller.openModificaCitazioni(project.MODEL.Materiale)&gt; in (ModificaArticoloSuConferenzaGUI.java:346)
Method &lt;project.VIEW.ModificaArticoloSuConferenzaGUI$4.actionPerformed(java.awt.event.ActionEvent)&gt; calls method &lt;project.CONTROLLER.Controller.openModificaCategorie(project.MODEL.Materiale)&gt; in (ModificaArticoloSuConferenzaGUI.java:356)
Method &lt;project.VIEW.ModificaArticoloSuConferenzaGUI$5.actionPerformed(java.awt.event.ActionEvent)&gt; calls method &lt;project.CONTROLLER.Controller.openModificaParoleChiave(project.MODEL.Materiale)&gt; in (ModificaArticoloSuConferenzaGUI.java:366)
Method &lt;project.VIEW.ModificaArticoloSuRivistaGUI$1.actionPerformed(java.awt.event.ActionEvent)&gt; calls method &lt;project.CONTROLLER.Controller.getAutore()&gt; in (ModificaArticoloSuRivistaGUI.java:295)
Method &lt;project.VIEW.ModificaArticoloSuRivistaGUI$1.actionPerformed(java.awt.event.ActionEvent)&gt; calls method &lt;project.CONTROLLER.Controller.openDialog(java.lang.String)&gt; in (ModificaArticoloSuRivistaGUI.java:304)
Method &lt;project.VIEW.ModificaArticoloSuRivistaGUI$1.actionPerformed(java.awt.event.ActionEvent)&gt; calls method &lt;project.CONTROLLER.Controller.openModificaMateriale()&gt; in (ModificaArticoloSuRivistaGUI.java:300)
Method &lt;project.VIEW.ModificaArticoloSuRivistaGUI$1.actionPerformed(java.awt.event.ActionEvent)&gt; calls method &lt;project.CONTROLLER.Controller.updateArticoloSuRivista(project.MODEL.ArticoloSuRivista, project.MODEL.ArticoloSuRivista)&gt; in (ModificaArticoloSuRivistaGUI.java:293)
Method &lt;project.VIEW.ModificaArticoloSuRivistaGUI$1.actionPerformed(java.awt.event.ActionEvent)&gt; calls method &lt;project.CONTROLLER.Controller.updatePubblicazione(java.lang.String, java.lang.String, java.util.Date)&gt; in (ModificaArticoloSuRivistaGUI.java:295)
Method &lt;project.VIEW.ModificaArticoloSuRivistaGUI$2.actionPerformed(java.awt.event.ActionEvent)&gt; calls method &lt;project.CONTROLLER.Controller.getADMIN()&gt; in (ModificaArticoloSuRivistaGUI.java:337)
Method &lt;project.VIEW.ModificaArticoloSuRivistaGUI$2.actionPerformed(java.awt.event.ActionEvent)&gt; calls method &lt;project.CONTROLLER.Controller.openModificaMateriale()&gt; in (ModificaArticoloSuRivistaGUI.java:340)
Method &lt;project.VIEW.ModificaArticoloSuRivistaGUI$2.actionPerformed(java.awt.event.ActionEvent)&gt; calls method &lt;project.CONTROLLER.Controller.openModificaMaterialeADMIN()&gt; in (ModificaArticoloSuRivistaGUI.java:338)
Method &lt;project.VIEW.ModificaArticoloSuRivistaGUI$3.actionPerformed(java.awt.event.ActionEvent)&gt; calls method &lt;project.CONTROLLER.Controller.openModificaCitazioni(project.MODEL.Materiale)&gt; in (ModificaArticoloSuRivistaGUI.java:352)
Method &lt;project.VIEW.ModificaArticoloSuRivistaGUI$4.actionPerformed(java.awt.event.ActionEvent)&gt; calls method &lt;project.CONTROLLER.Controller.openModificaCategorie(project.MODEL.Materiale)&gt; in (ModificaArticoloSuRivistaGUI.java:362)
Method &lt;project.VIEW.ModificaArticoloSuRivistaGUI$5.actionPerformed(java.awt.event.ActionEvent)&gt; calls method &lt;project.CONTROLLER.Controller.openModificaParoleChiave(project.MODEL.Materiale)&gt; in (ModificaArticoloSuRivistaGUI.java:372)
Method &lt;project.VIEW.ModificaAutoreADMINGUI$1.actionPerformed(java.awt.event.ActionEvent)&gt; calls method &lt;project.CONTROLLER.Controller.openModificaAutoriADMIN()&gt; in (ModificaAutoreADMINGUI.java:70)
Method &lt;project.VIEW.ModificaAutoreADMINGUI$1.actionPerformed(java.awt.event.ActionEvent)&gt; calls method &lt;project.CONTROLLER.Controller.openModificaAutoriADMIN()&gt; in (ModificaAutoreADMINGUI.java:77)
Method &lt;project.VIEW.ModificaAutoreADMINGUI$1.actionPerformed(java.awt.event.ActionEvent)&gt; calls method &lt;project.CONTROLLER.Controller.updateAutore(java.lang.String, java.lang.String, java.lang.String, java.lang.String, java.lang.String, project.MODEL.Autore)&gt; in (ModificaAutoreADMINGUI.java:74)
Method &lt;project.VIEW.ModificaAutoreADMINGUI$1.actionPerformed(java.awt.event.ActionEvent)&gt; calls method &lt;project.CONTROLLER.Controller.updateAutore(java.lang.String, java.lang.String, java.lang.String, java.lang.String, project.MODEL.Autore)&gt; in (ModificaAutoreADMINGUI.java:67)
Method &lt;project.VIEW.ModificaAutoreADMINGUI$2.actionPerformed(java.awt.event.ActionEvent)&gt; calls method &lt;project.CONTROLLER.Controller.openModificaAutoriADMIN()&gt; in (ModificaAutoreADMINGUI.java:150)
Method &lt;project.VIEW.ModificaAutoriADMINGUI$1.actionPerformed(java.awt.event.ActionEvent)&gt; calls method &lt;project.CONTROLLER.Controller.modificaAutore(project.MODEL.Autore)&gt; in (ModificaAutoriADMINGUI.java:87)
Method &lt;project.VIEW.ModificaAutoriADMINGUI$1.actionPerformed(java.awt.event.ActionEvent)&gt; calls method &lt;project.CONTROLLER.Controller.openDialog(java.lang.String)&gt; in (ModificaAutoriADMINGUI.java:93)
Method &lt;project.VIEW.ModificaAutoriADMINGUI$2.actionPerformed(java.awt.event.ActionEvent)&gt; calls method &lt;project.CONTROLLER.Controller.openPortaleAmministratore()&gt; in (ModificaAutoriADMINGUI.java:104)
Method &lt;project.VIEW.ModificaAutoriADMINGUI$3.actionPerformed(java.awt.event.ActionEvent)&gt; calls method &lt;project.CONTROLLER.Controller.eliminaAutore(project.MODEL.Autore)&gt; in (ModificaAutoriADMINGUI.java:123)
Method &lt;project.VIEW.ModificaAutoriADMINGUI$3.actionPerformed(java.awt.event.ActionEvent)&gt; calls method &lt;project.CONTROLLER.Controller.openDialog(java.lang.String)&gt; in (ModificaAutoriADMINGUI.java:129)
Method &lt;project.VIEW.ModificaCategorieGUI$1.actionPerformed(java.awt.event.ActionEvent)&gt; calls method &lt;project.CONTROLLER.Controller.openAggiungiCategoriaDaModifica(project.MODEL.Materiale)&gt; in (ModificaCategorieGUI.java:94)
Method &lt;project.VIEW.ModificaCategorieGUI$2.actionPerformed(java.awt.event.ActionEvent)&gt; calls method &lt;project.CONTROLLER.Controller.eliminaCategoria(project.MODEL.Materiale, project.MODEL.Categoria)&gt; in (ModificaCategorieGUI.java:107)
Method &lt;project.VIEW.ModificaCategorieGUI$2.actionPerformed(java.awt.event.ActionEvent)&gt; calls method &lt;project.CONTROLLER.Controller.openDialog(java.lang.String)&gt; in (ModificaCategorieGUI.java:114)
Method &lt;project.VIEW.ModificaCategorieGUI$2.actionPerformed(java.awt.event.ActionEvent)&gt; calls method &lt;project.CONTROLLER.Controller.openModificaCategorie(project.MODEL.Materiale)&gt; in (ModificaCategorieGUI.java:109)
Method &lt;project.VIEW.ModificaCitazioneGUI$1.actionPerformed(java.awt.event.ActionEvent)&gt; calls method &lt;project.CONTROLLER.Controller.openAggiuntaCitazioneDaModifica(project.MODEL.Materiale)&gt; in (ModificaCitazioneGUI.java:96)
Method &lt;project.VIEW.ModificaCitazioneGUI$2.actionPerformed(java.awt.event.ActionEvent)&gt; calls method &lt;project.CONTROLLER.Controller.eliminaCitazione(project.MODEL.Citazione)&gt; in (ModificaCitazioneGUI.java:111)
Method &lt;project.VIEW.ModificaCitazioneGUI$2.actionPerformed(java.awt.event.ActionEvent)&gt; calls method &lt;project.CONTROLLER.Controller.openDialog(java.lang.String)&gt; in (ModificaCitazioneGUI.java:119)
Method &lt;project.VIEW.ModificaCitazioneGUI$2.actionPerformed(java.awt.event.ActionEvent)&gt; calls method &lt;project.CONTROLLER.Controller.openModificaCitazioni(project.MODEL.Materiale)&gt; in (ModificaCitazioneGUI.java:114)
Method &lt;project.VIEW.ModificaDatasetGUI$1.inserisciDataset(javax.swing.JSpinner, javax.swing.JSpinner, javax.swing.JTextArea, com.toedter.calendar.JDateChooser)&gt; calls method &lt;project.CONTROLLER.Controller.getAutore()&gt; in (ModificaDatasetGUI.java:231)
Method &lt;project.VIEW.ModificaDatasetGUI$1.inserisciDataset(javax.swing.JSpinner, javax.swing.JSpinner, javax.swing.JTextArea, com.toedter.calendar.JDateChooser)&gt; calls method &lt;project.CONTROLLER.Controller.openDialog(java.lang.String)&gt; in (ModificaDatasetGUI.java:239)
Method &lt;project.VIEW.ModificaDatasetGUI$1.inserisciDataset(javax.swing.JSpinner, javax.swing.JSpinner, javax.swing.JTextArea, com.toedter.calendar.JDateChooser)&gt; calls method &lt;project.CONTROLLER.Controller.openModificaMateriale()&gt; in (ModificaDatasetGUI.java:235)
Method &lt;project.VIEW.ModificaDatasetGUI$1.inserisciDataset(javax.swing.JSpinner, javax.swing.JSpinner, javax.swing.JTextArea, com.toedter.calendar.JDateChooser)&gt; calls method &lt;project.CONTROLLER.Controller.updateDataset(project.MODEL.Dataset, project.MODEL.Dataset)&gt; in (ModificaDatasetGUI.java:229)
Method &lt;project.VIEW.ModificaDatasetGUI$1.inserisciDataset(javax.swing.JSpinner, javax.swing.JSpinner, javax.swing.JTextArea, com.toedter.calendar.JDateChooser)&gt; calls method &lt;project.CONTROLLER.Controller.updatePubblicazione(java.lang.String, java.lang.String, java.util.Date)&gt; in (ModificaDatasetGUI.java:231)
Method &lt;project.VIEW.ModificaDatasetGUI$2.actionPerformed(java.awt.event.ActionEvent)&gt; calls method &lt;project.CONTROLLER.Controller.getADMIN()&gt; in (ModificaDatasetGUI.java:257)
Method &lt;project.VIEW.ModificaDatasetGUI$2.actionPerformed(java.awt.event.ActionEvent)&gt; calls method &lt;project.CONTROLLER.Controller.openModificaMateriale()&gt; in (ModificaDatasetGUI.java:260)
Method &lt;project.VIEW.ModificaDatasetGUI$2.actionPerformed(java.awt.event.ActionEvent)&gt; calls method &lt;project.CONTROLLER.Controller.openModificaMaterialeADMIN()&gt; in (ModificaDatasetGUI.java:258)
Method &lt;project.VIEW.ModificaDatasetGUI$3.actionPerformed(java.awt.event.ActionEvent)&gt; calls method &lt;project.CONTROLLER.Controller.openModificaCitazioni(project.MODEL.Materiale)&gt; in (ModificaDatasetGUI.java:272)
Method &lt;project.VIEW.ModificaDatasetGUI$4.actionPerformed(java.awt.event.ActionEvent)&gt; calls method &lt;project.CONTROLLER.Controller.openModificaCitazioni(project.MODEL.Materiale)&gt; in (ModificaDatasetGUI.java:282)
Method &lt;project.VIEW.ModificaDatasetGUI$5.actionPerformed(java.awt.event.ActionEvent)&gt; calls method &lt;project.CONTROLLER.Controller.openModificaParoleChiave(project.MODEL.Materiale)&gt; in (ModificaDatasetGUI.java:292)
Method &lt;project.VIEW.ModificaLibroGUI$1.updateLibro(javax.swing.JComboBox, javax.swing.JSpinner, javax.swing.JTextArea)&gt; calls method &lt;project.CONTROLLER.Controller.getADMIN()&gt; in (ModificaLibroGUI.java:286)
Method &lt;project.VIEW.ModificaLibroGUI$1.updateLibro(javax.swing.JComboBox, javax.swing.JSpinner, javax.swing.JTextArea)&gt; calls method &lt;project.CONTROLLER.Controller.getAutore()&gt; in (ModificaLibroGUI.java:281)
Method &lt;project.VIEW.ModificaLibroGUI$1.updateLibro(javax.swing.JComboBox, javax.swing.JSpinner, javax.swing.JTextArea)&gt; calls method &lt;project.CONTROLLER.Controller.openDialog(java.lang.String)&gt; in (ModificaLibroGUI.java:275)
Method &lt;project.VIEW.ModificaLibroGUI$1.updateLibro(javax.swing.JComboBox, javax.swing.JSpinner, javax.swing.JTextArea)&gt; calls method &lt;project.CONTROLLER.Controller.openDialog(java.lang.String)&gt; in (ModificaLibroGUI.java:293)
Method &lt;project.VIEW.ModificaLibroGUI$1.updateLibro(javax.swing.JComboBox, javax.swing.JSpinner, javax.swing.JTextArea)&gt; calls method &lt;project.CONTROLLER.Controller.openModificaMateriale()&gt; in (ModificaLibroGUI.java:289)
Method &lt;project.VIEW.ModificaLibroGUI$1.updateLibro(javax.swing.JComboBox, javax.swing.JSpinner, javax.swing.JTextArea)&gt; calls method &lt;project.CONTROLLER.Controller.openModificaMaterialeADMIN()&gt; in (ModificaLibroGUI.java:287)
Method &lt;project.VIEW.ModificaLibroGUI$1.updateLibro(javax.swing.JComboBox, javax.swing.JSpinner, javax.swing.JTextArea)&gt; calls method &lt;project.CONTROLLER.Controller.updateLibro(project.MODEL.Libro, project.MODEL.Libro)&gt; in (ModificaLibroGUI.java:279)
Method &lt;project.VIEW.ModificaLibroGUI$1.updateLibro(javax.swing.JComboBox, javax.swing.JSpinner, javax.swing.JTextArea)&gt; calls method &lt;project.CONTROLLER.Controller.updatePubblicazione(java.lang.String, java.lang.String, java.util.Date)&gt; in (ModificaLibroGUI.java:281)
Method &lt;project.VIEW.ModificaLibroGUI$2.actionPerformed(java.awt.event.ActionEvent)&gt; calls method &lt;project.CONTROLLER.Controller.getADMIN()&gt; in (ModificaLibroGUI.java:337)
Method &lt;project.VIEW.ModificaLibroGUI$2.actionPerformed(java.awt.event.ActionEvent)&gt; calls method &lt;project.CONTROLLER.Controller.openModificaMateriale()&gt; in (ModificaLibroGUI.java:340)
Method &lt;project.VIEW.ModificaLibroGUI$2.actionPerformed(java.awt.event.ActionEvent)&gt; calls method &lt;project.CONTROLLER.Controller.openModificaMaterialeADMIN()&gt; in (ModificaLibroGUI.java:338)
Method &lt;project.VIEW.ModificaLibroGUI$3.actionPerformed(java.awt.event.ActionEvent)&gt; calls method &lt;project.CONTROLLER.Controller.openModificaParoleChiave(project.MODEL.Materiale)&gt; in (ModificaLibroGUI.java:352)
Method &lt;project.VIEW.ModificaLibroGUI$4.actionPerformed(java.awt.event.ActionEvent)&gt; calls method &lt;project.CONTROLLER.Controller.openModificaCategorie(project.MODEL.Materiale)&gt; in (ModificaLibroGUI.java:362)
Method &lt;project.VIEW.ModificaLibroGUI$5.actionPerformed(java.awt.event.ActionEvent)&gt; calls method &lt;project.CONTROLLER.Controller.openModificaCitazioni(project.MODEL.Materiale)&gt; in (ModificaLibroGUI.java:372)
Method &lt;project.VIEW.ModificaMaterialeGUI$1.actionPerformed(java.awt.event.ActionEvent)&gt; calls method &lt;project.CONTROLLER.Controller.modificaMateriale(project.MODEL.Materiale)&gt; in (ModificaMaterialeGUI.java:86)
Method &lt;project.VIEW.ModificaMaterialeGUI$1.actionPerformed(java.awt.event.ActionEvent)&gt; calls method &lt;project.CONTROLLER.Controller.openDialog(java.lang.String)&gt; in (ModificaMaterialeGUI.java:92)
Method &lt;project.VIEW.ModificaMaterialeGUI$2.actionPerformed(java.awt.event.ActionEvent)&gt; calls method &lt;project.CONTROLLER.Controller.returnToPortaleAutori()&gt; in (ModificaMaterialeGUI.java:103)
Method &lt;project.VIEW.ModificaMaterialeGUI$3.actionPerformed(java.awt.event.ActionEvent)&gt; calls method &lt;project.CONTROLLER.Controller.eliminaMateriale(project.MODEL.Materiale)&gt; in (ModificaMaterialeGUI.java:122)
Method &lt;project.VIEW.ModificaMaterialeGUI$3.actionPerformed(java.awt.event.ActionEvent)&gt; calls method &lt;project.CONTROLLER.Controller.openDialog(java.lang.String)&gt; in (ModificaMaterialeGUI.java:128)
Method &lt;project.VIEW.ModificaMaterialiADMINGUI$1.actionPerformed(java.awt.event.ActionEvent)&gt; calls method &lt;project.CONTROLLER.Controller.modificaMateriale(project.MODEL.Materiale)&gt; in (ModificaMaterialiADMINGUI.java:96)
Method &lt;project.VIEW.ModificaMaterialiADMINGUI$1.actionPerformed(java.awt.event.ActionEvent)&gt; calls method &lt;project.CONTROLLER.Controller.openDialog(java.lang.String)&gt; in (ModificaMaterialiADMINGUI.java:102)
Method &lt;project.VIEW.ModificaMaterialiADMINGUI$2.actionPerformed(java.awt.event.ActionEvent)&gt; calls method &lt;project.CONTROLLER.Controller.getADMIN()&gt; in (ModificaMaterialiADMINGUI.java:114)
Method &lt;project.VIEW.ModificaMaterialiADMINGUI$2.actionPerformed(java.awt.event.ActionEvent)&gt; calls method &lt;project.CONTROLLER.Controller.openPortaleAmministratore()&gt; in (ModificaMaterialiADMINGUI.java:115)
Method &lt;project.VIEW.ModificaMaterialiADMINGUI$2.actionPerformed(java.awt.event.ActionEvent)&gt; calls method &lt;project.CONTROLLER.Controller.returnToPortaleAutori()&gt; in (ModificaMaterialiADMINGUI.java:117)
Method &lt;project.VIEW.ModificaMaterialiADMINGUI$3.actionPerformed(java.awt.event.ActionEvent)&gt; calls method &lt;project.CONTROLLER.Controller.eliminaMateriale(project.MODEL.Materiale)&gt; in (ModificaMaterialiADMINGUI.java:136)
Method &lt;project.VIEW.ModificaMaterialiADMINGUI$3.actionPerformed(java.awt.event.ActionEvent)&gt; calls method &lt;project.CONTROLLER.Controller.openDialog(java.lang.String)&gt; in (ModificaMaterialiADMINGUI.java:142)
Method &lt;project.VIEW.ModificaParoleAssociateGUI$1.actionPerformed(java.awt.event.ActionEvent)&gt; calls method &lt;project.CONTROLLER.Controller.eliminaParolaChiave(project.MODEL.ParolaChiave, project.MODEL.Materiale)&gt; in (ModificaParoleAssociateGUI.java:96)
Method &lt;project.VIEW.ModificaParoleAssociateGUI$1.actionPerformed(java.awt.event.ActionEvent)&gt; calls method &lt;project.CONTROLLER.Controller.openDialog(java.lang.String)&gt; in (ModificaParoleAssociateGUI.java:105)
Method &lt;project.VIEW.ModificaParoleAssociateGUI$1.actionPerformed(java.awt.event.ActionEvent)&gt; calls method &lt;project.CONTROLLER.Controller.openModificaParoleChiave(project.MODEL.Materiale)&gt; in (ModificaParoleAssociateGUI.java:99)
Method &lt;project.VIEW.ModificaParoleAssociateGUI$2.actionPerformed(java.awt.event.ActionEvent)&gt; calls method &lt;project.CONTROLLER.Controller.associaParola(project.MODEL.Materiale, project.MODEL.ParolaChiave)&gt; in (ModificaParoleAssociateGUI.java:133)
Method &lt;project.VIEW.ModificaParoleAssociateGUI$2.actionPerformed(java.awt.event.ActionEvent)&gt; calls method &lt;project.CONTROLLER.Controller.openDialog(java.lang.String)&gt; in (ModificaParoleAssociateGUI.java:130)
Method &lt;project.VIEW.ModificaParoleAssociateGUI$2.actionPerformed(java.awt.event.ActionEvent)&gt; calls method &lt;project.CONTROLLER.Controller.openModificaParoleChiave(project.MODEL.Materiale)&gt; in (ModificaParoleAssociateGUI.java:136)
Method &lt;project.VIEW.ModificaRisorsaOnlineGUI$1.inserisciRisorsaOnline(javax.swing.JTextArea, com.toedter.calendar.JDateChooser)&gt; calls method &lt;project.CONTROLLER.Controller.getAutore()&gt; in (ModificaRisorsaOnlineGUI.java:179)
Method &lt;project.VIEW.ModificaRisorsaOnlineGUI$1.inserisciRisorsaOnline(javax.swing.JTextArea, com.toedter.calendar.JDateChooser)&gt; calls method &lt;project.CONTROLLER.Controller.openDialog(java.lang.String)&gt; in (ModificaRisorsaOnlineGUI.java:187)
Method &lt;project.VIEW.ModificaRisorsaOnlineGUI$1.inserisciRisorsaOnline(javax.swing.JTextArea, com.toedter.calendar.JDateChooser)&gt; calls method &lt;project.CONTROLLER.Controller.openModificaMateriale()&gt; in (ModificaRisorsaOnlineGUI.java:183)
Method &lt;project.VIEW.ModificaRisorsaOnlineGUI$1.inserisciRisorsaOnline(javax.swing.JTextArea, com.toedter.calendar.JDateChooser)&gt; calls method &lt;project.CONTROLLER.Controller.updatePubblicazione(java.lang.String, java.lang.String, java.util.Date)&gt; in (ModificaRisorsaOnlineGUI.java:179)
Method &lt;project.VIEW.ModificaRisorsaOnlineGUI$1.inserisciRisorsaOnline(javax.swing.JTextArea, com.toedter.calendar.JDateChooser)&gt; calls method &lt;project.CONTROLLER.Controller.updateRisorsaOnline(project.MODEL.RisorsaOnline, project.MODEL.RisorsaOnline)&gt; in (ModificaRisorsaOnlineGUI.java:177)
Method &lt;project.VIEW.ModificaRisorsaOnlineGUI$2.actionPerformed(java.awt.event.ActionEvent)&gt; calls method &lt;project.CONTROLLER.Controller.getADMIN()&gt; in (ModificaRisorsaOnlineGUI.java:204)
Method &lt;project.VIEW.ModificaRisorsaOnlineGUI$2.actionPerformed(java.awt.event.ActionEvent)&gt; calls method &lt;project.CONTROLLER.Controller.openModificaMateriale()&gt; in (ModificaRisorsaOnlineGUI.java:207)
Method &lt;project.VIEW.ModificaRisorsaOnlineGUI$2.actionPerformed(java.awt.event.ActionEvent)&gt; calls method &lt;project.CONTROLLER.Controller.openModificaMaterialeADMIN()&gt; in (ModificaRisorsaOnlineGUI.java:205)
Method &lt;project.VIEW.ModificaRisorsaOnlineGUI$3.actionPerformed(java.awt.event.ActionEvent)&gt; calls method &lt;project.CONTROLLER.Controller.openModificaParoleChiave(project.MODEL.Materiale)&gt; in (ModificaRisorsaOnlineGUI.java:219)
Method &lt;project.VIEW.ModificaRisorsaOnlineGUI$4.actionPerformed(java.awt.event.ActionEvent)&gt; calls method &lt;project.CONTROLLER.Controller.openModificaCategorie(project.MODEL.Materiale)&gt; in (ModificaRisorsaOnlineGUI.java:229)
Method &lt;project.VIEW.ModificaRisorsaOnlineGUI$5.actionPerformed(java.awt.event.ActionEvent)&gt; calls method &lt;project.CONTROLLER.Controller.openModificaCitazioni(project.MODEL.Materiale)&gt; in (ModificaRisorsaOnlineGUI.java:239)
Method &lt;project.VIEW.PortaleAmministratoreGUI$1.actionPerformed(java.awt.event.ActionEvent)&gt; calls method &lt;project.CONTROLLER.Controller.openModificaMaterialeADMIN()&gt; in (PortaleAmministratoreGUI.java:54)
Method &lt;project.VIEW.PortaleAmministratoreGUI$2.actionPerformed(java.awt.event.ActionEvent)&gt; calls method &lt;project.CONTROLLER.Controller.openLibreria()&gt; in (PortaleAmministratoreGUI.java:64)
Method &lt;project.VIEW.PortaleAmministratoreGUI$3.actionPerformed(java.awt.event.ActionEvent)&gt; calls method &lt;project.CONTROLLER.Controller.logoutADMIN()&gt; in (PortaleAmministratoreGUI.java:81)
Method &lt;project.VIEW.PortaleAmministratoreGUI$3.actionPerformed(java.awt.event.ActionEvent)&gt; calls method &lt;project.CONTROLLER.Controller.openHome()&gt; in (PortaleAmministratoreGUI.java:82)
Method &lt;project.VIEW.PortaleAmministratoreGUI$4.actionPerformed(java.awt.event.ActionEvent)&gt; calls method &lt;project.CONTROLLER.Controller.openModificaAutoriADMIN()&gt; in (PortaleAmministratoreGUI.java:91)
Method &lt;project.VIEW.PortaleAutoriGUI$1.actionPerformed(java.awt.event.ActionEvent)&gt; calls method &lt;project.CONTROLLER.Controller.openInsesciMaterialeGUI()&gt; in (PortaleAutoriGUI.java:56)
Method &lt;project.VIEW.PortaleAutoriGUI$2.actionPerformed(java.awt.event.ActionEvent)&gt; calls method &lt;project.CONTROLLER.Controller.openModificaMateriale()&gt; in (PortaleAutoriGUI.java:67)
Method &lt;project.VIEW.PortaleAutoriGUI$3.actionPerformed(java.awt.event.ActionEvent)&gt; calls method &lt;project.CONTROLLER.Controller.openLibreria()&gt; in (PortaleAutoriGUI.java:77)
Method &lt;project.VIEW.PortaleAutoriGUI$4.actionPerformed(java.awt.event.ActionEvent)&gt; calls method &lt;project.CONTROLLER.Controller.openHome()&gt; in (PortaleAutoriGUI.java:104)
Method &lt;project.VIEW.PortaleAutoriGUI$4.actionPerformed(java.awt.event.ActionEvent)&gt; calls method &lt;project.CONTROLLER.Controller.setAutore(project.MODEL.Autore)&gt; in (PortaleAutoriGUI.java:103)
Method &lt;project.VIEW.RegistrazioneGUI$1.actionPerformed(java.awt.event.ActionEvent)&gt; calls method &lt;project.CONTROLLER.Controller.registraAutore(java.lang.String, java.lang.String, java.lang.String, java.lang.String, java.lang.String)&gt; in (RegistrazioneGUI.java:63)
Method &lt;project.VIEW.RegistrazioneGUI$2.actionPerformed(java.awt.event.ActionEvent)&gt; calls method &lt;project.CONTROLLER.Controller.openAccessoPortaleAutori()&gt; in (RegistrazioneGUI.java:131)
Method &lt;project.VIEW.RicercaGUI$1.actionPerformed(java.awt.event.ActionEvent)&gt; calls method &lt;project.CONTROLLER.Controller.openLibreria()&gt; in (RicercaGUI.java:60)
Method &lt;project.VIEW.RicercaGUI$5.actionPerformed(java.awt.event.ActionEvent)&gt; calls method &lt;project.CONTROLLER.Controller.eseguiRicerca(project.struttureDiAppoggio.Ricerca)&gt; in (RicercaGUI.java:317)
Method &lt;project.VIEW.VisualizzaArticoliSuConferenzaGUI$1.actionPerformed(java.awt.event.ActionEvent)&gt; calls method &lt;project.CONTROLLER.Controller.getADMIN()&gt; in (VisualizzaArticoliSuConferenzaGUI.java:123)
Method &lt;project.VIEW.VisualizzaArticoliSuConferenzaGUI$1.actionPerformed(java.awt.event.ActionEvent)&gt; calls method &lt;project.CONTROLLER.Controller.getAutore()&gt; in (VisualizzaArticoliSuConferenzaGUI.java:128)
Method &lt;project.VIEW.VisualizzaArticoliSuConferenzaGUI$1.actionPerformed(java.awt.event.ActionEvent)&gt; calls method &lt;project.CONTROLLER.Controller.openHome()&gt; in (VisualizzaArticoliSuConferenzaGUI.java:129)
Method &lt;project.VIEW.VisualizzaArticoliSuConferenzaGUI$1.actionPerformed(java.awt.event.ActionEvent)&gt; calls method &lt;project.CONTROLLER.Controller.openPortaleAmministratore()&gt; in (VisualizzaArticoliSuConferenzaGUI.java:124)
Method &lt;project.VIEW.VisualizzaArticoliSuConferenzaGUI$1.actionPerformed(java.awt.event.ActionEvent)&gt; calls method &lt;project.CONTROLLER.Controller.openPortaleAutori()&gt; in (VisualizzaArticoliSuConferenzaGUI.java:133)
Method &lt;project.VIEW.VisualizzaArticoliSuConferenzaGUI$2.actionPerformed(java.awt.event.ActionEvent)&gt; calls method &lt;project.CONTROLLER.Controller.openVisualizzaLibri()&gt; in (VisualizzaArticoliSuConferenzaGUI.java:147)
Method &lt;project.VIEW.VisualizzaArticoliSuConferenzaGUI$3.actionPerformed(java.awt.event.ActionEvent)&gt; calls method &lt;project.CONTROLLER.Controller.openVisualizzaDataset()&gt; in (VisualizzaArticoliSuConferenzaGUI.java:158)
Method &lt;project.VIEW.VisualizzaArticoliSuConferenzaGUI$4.actionPerformed(java.awt.event.ActionEvent)&gt; calls method &lt;project.CONTROLLER.Controller.openVisualizzaRisorsaOnline()&gt; in (VisualizzaArticoliSuConferenzaGUI.java:171)
Method &lt;project.VIEW.VisualizzaArticoliSuConferenzaGUI$5.actionPerformed(java.awt.event.ActionEvent)&gt; calls method &lt;project.CONTROLLER.Controller.openVisualizzaArticoloSuRivista()&gt; in (VisualizzaArticoliSuConferenzaGUI.java:193)
Method &lt;project.VIEW.VisualizzaArticoliSuConferenzaGUI$6.actionPerformed(java.awt.event.ActionEvent)&gt; calls method &lt;project.CONTROLLER.Controller.openDettagliArticoloSuConferenza(project.MODEL.Materiale)&gt; in (VisualizzaArticoliSuConferenzaGUI.java:206)
Method &lt;project.VIEW.VisualizzaArticoliSuConferenzaGUI$6.actionPerformed(java.awt.event.ActionEvent)&gt; calls method &lt;project.CONTROLLER.Controller.openDialog(java.lang.String)&gt; in (VisualizzaArticoliSuConferenzaGUI.java:210)
Method &lt;project.VIEW.VisualizzaArticoliSuConferenzaGUI$7.actionPerformed(java.awt.event.ActionEvent)&gt; calls method &lt;project.CONTROLLER.Controller.openVisualizzaLibreria()&gt; in (VisualizzaArticoliSuConferenzaGUI.java:229)
Method &lt;project.VIEW.VisualizzaArticoliSuRivistaGUI$1.actionPerformed(java.awt.event.ActionEvent)&gt; calls method &lt;project.CONTROLLER.Controller.getADMIN()&gt; in (VisualizzaArticoliSuRivistaGUI.java:129)
Method &lt;project.VIEW.VisualizzaArticoliSuRivistaGUI$1.actionPerformed(java.awt.event.ActionEvent)&gt; calls method &lt;project.CONTROLLER.Controller.getAutore()&gt; in (VisualizzaArticoliSuRivistaGUI.java:134)
Method &lt;project.VIEW.VisualizzaArticoliSuRivistaGUI$1.actionPerformed(java.awt.event.ActionEvent)&gt; calls method &lt;project.CONTROLLER.Controller.openHome()&gt; in (VisualizzaArticoliSuRivistaGUI.java:135)
Method &lt;project.VIEW.VisualizzaArticoliSuRivistaGUI$1.actionPerformed(java.awt.event.ActionEvent)&gt; calls method &lt;project.CONTROLLER.Controller.openPortaleAmministratore()&gt; in (VisualizzaArticoliSuRivistaGUI.java:130)
Method &lt;project.VIEW.VisualizzaArticoliSuRivistaGUI$1.actionPerformed(java.awt.event.ActionEvent)&gt; calls method &lt;project.CONTROLLER.Controller.openPortaleAutori()&gt; in (VisualizzaArticoliSuRivistaGUI.java:139)
Method &lt;project.VIEW.VisualizzaArticoliSuRivistaGUI$2.actionPerformed(java.awt.event.ActionEvent)&gt; calls method &lt;project.CONTROLLER.Controller.openVisualizzaLibri()&gt; in (VisualizzaArticoliSuRivistaGUI.java:153)
Method &lt;project.VIEW.VisualizzaArticoliSuRivistaGUI$3.actionPerformed(java.awt.event.ActionEvent)&gt; calls method &lt;project.CONTROLLER.Controller.openVisualizzaDataset()&gt; in (VisualizzaArticoliSuRivistaGUI.java:164)
Method &lt;project.VIEW.VisualizzaArticoliSuRivistaGUI$4.actionPerformed(java.awt.event.ActionEvent)&gt; calls method &lt;project.CONTROLLER.Controller.openVisualizzaRisorsaOnline()&gt; in (VisualizzaArticoliSuRivistaGUI.java:177)
Method &lt;project.VIEW.VisualizzaArticoliSuRivistaGUI$5.actionPerformed(java.awt.event.ActionEvent)&gt; calls method &lt;project.CONTROLLER.Controller.openVisualizzaArticoloSuConferenza()&gt; in (VisualizzaArticoliSuRivistaGUI.java:190)
Method &lt;project.VIEW.VisualizzaArticoliSuRivistaGUI$6.actionPerformed(java.awt.event.ActionEvent)&gt; calls method &lt;project.CONTROLLER.Controller.openDettagliArticoloSuRivista(project.MODEL.Materiale)&gt; in (VisualizzaArticoliSuRivistaGUI.java:212)
Method &lt;project.VIEW.VisualizzaArticoliSuRivistaGUI$6.actionPerformed(java.awt.event.ActionEvent)&gt; calls method &lt;project.CONTROLLER.Controller.openDialog(java.lang.String)&gt; in (VisualizzaArticoliSuRivistaGUI.java:216)
Method &lt;project.VIEW.VisualizzaArticoliSuRivistaGUI$7.actionPerformed(java.awt.event.ActionEvent)&gt; calls method &lt;project.CONTROLLER.Controller.openVisualizzaLibreria()&gt; in (VisualizzaArticoliSuRivistaGUI.java:236)
Method &lt;project.VIEW.VisualizzaDatasetGUI$1.actionPerformed(java.awt.event.ActionEvent)&gt; calls method &lt;project.CONTROLLER.Controller.getADMIN()&gt; in (VisualizzaDatasetGUI.java:112)
Method &lt;project.VIEW.VisualizzaDatasetGUI$1.actionPerformed(java.awt.event.ActionEvent)&gt; calls method &lt;project.CONTROLLER.Controller.getAutore()&gt; in (VisualizzaDatasetGUI.java:117)
Method &lt;project.VIEW.VisualizzaDatasetGUI$1.actionPerformed(java.awt.event.ActionEvent)&gt; calls method &lt;project.CONTROLLER.Controller.openHome()&gt; in (VisualizzaDatasetGUI.java:118)
Method &lt;project.VIEW.VisualizzaDatasetGUI$1.actionPerformed(java.awt.event.ActionEvent)&gt; calls method &lt;project.CONTROLLER.Controller.openPortaleAmministratore()&gt; in (VisualizzaDatasetGUI.java:113)
Method &lt;project.VIEW.VisualizzaDatasetGUI$1.actionPerformed(java.awt.event.ActionEvent)&gt; calls method &lt;project.CONTROLLER.Controller.openPortaleAutori()&gt; in (VisualizzaDatasetGUI.java:122)
Method &lt;project.VIEW.VisualizzaDatasetGUI$2.actionPerformed(java.awt.event.ActionEvent)&gt; calls method &lt;project.CONTROLLER.Controller.openVisualizzaLibri()&gt; in (VisualizzaDatasetGUI.java:134)
Method &lt;project.VIEW.VisualizzaDatasetGUI$3.actionPerformed(java.awt.event.ActionEvent)&gt; calls method &lt;project.CONTROLLER.Controller.openVisualizzaRisorsaOnline()&gt; in (VisualizzaDatasetGUI.java:154)
[...]
Method &lt;project.CONTROLLER.Controller.openDettagliArticoloSuConferenza(project.MODEL.Materiale)&gt; calls method &lt;project.VIEW.VisualizzaDettagliArticoloSuConferenzaGUI.setVisible(boolean)&gt; in (Controller.java:461)
Method &lt;project.CONTROLLER.Controller.openDettagliArticoloSuRivista(project.MODEL.Materiale)&gt; calls constructor &lt;project.VIEW.VisualizzaDettagliArticoloSuRivistaGUI.&lt;init&gt;(project.CONTROLLER.Controller, project.struttureDiAppoggio.RigaTabellaArticoloSuRivista)&gt; in (Controller.java:452)
Method &lt;project.CONTROLLER.Controller.openDettagliArticoloSuRivista(project.MODEL.Materiale)&gt; calls method &lt;project.VIEW.VisualizzaDettagliArticoloSuRivistaGUI.setVisible(boolean)&gt; in (Controller.java:453)
Method &lt;project.CONTROLLER.Controller.openDettagliDataset(project.MODEL.Materiale)&gt; calls constructor &lt;project.VIEW.VisualizzaDettagliDatasetGUI.&lt;init&gt;(project.CONTROLLER.Controller, project.struttureDiAppoggio.RigaTabellaDataset)&gt; in (Controller.java:435)
Method &lt;project.CONTROLLER.Controller.openDettagliDataset(project.MODEL.Materiale)&gt; calls method &lt;project.VIEW.VisualizzaDettagliDatasetGUI.setVisible(boolean)&gt; in (Controller.java:436)
Method &lt;project.CONTROLLER.Controller.openDettagliLibro(project.MODEL.Materiale)&gt; calls constructor &lt;project.VIEW.VisualizzaDettagliLibroGUI.&lt;init&gt;(project.CONTROLLER.Controller, project.struttureDiAppoggio.RigaTabellaLibro)&gt; in (Controller.java:427)
Method &lt;project.CONTROLLER.Controller.openDettagliLibro(project.MODEL.Materiale)&gt; calls method &lt;project.VIEW.VisualizzaDettagliLibroGUI.setVisible(boolean)&gt; in (Controller.java:428)
Method &lt;project.CONTROLLER.Controller.openDettagliRisorsaOnline(project.MODEL.Materiale)&gt; calls constructor &lt;project.VIEW.VisualizzaDettagliRisorsaOnlineGUI.&lt;init&gt;(project.CONTROLLER.Controller, project.struttureDiAppoggio.RigaTabellaRisorsaOnline)&gt; in (Controller.java:444)
Method &lt;project.CONTROLLER.Controller.openDettagliRisorsaOnline(project.MODEL.Materiale)&gt; calls method &lt;project.VIEW.VisualizzaDettagliRisorsaOnlineGUI.setVisible(boolean)&gt; in (Controller.java:445)
Method &lt;project.CONTROLLER.Controller.openDialog(java.lang.String)&gt; calls constructor &lt;project.VIEW.Dialog.&lt;init&gt;(java.lang.String)&gt; in (Controller.java:137)
Method &lt;project.CONTROLLER.Controller.openHome()&gt; calls method &lt;project.VIEW.AccessoPortaleAmministratoreGUI.setVisible(boolean)&gt; in (Controller.java:84)
Method &lt;project.CONTROLLER.Controller.openHome()&gt; calls method &lt;project.VIEW.AccessoPortaleAutoriGUI.setVisible(boolean)&gt; in (Controller.java:83)
Method &lt;project.CONTROLLER.Controller.openHome()&gt; calls method &lt;project.VIEW.HomeGUI.setVisible(boolean)&gt; in (Controller.java:81)
Method &lt;project.CONTROLLER.Controller.openHome()&gt; calls method &lt;project.VIEW.LibreriaGUI.setVisible(boolean)&gt; in (Controller.java:85)
Method &lt;project.CONTROLLER.Controller.openHome()&gt; calls method &lt;project.VIEW.RegistrazioneGUI.setVisible(boolean)&gt; in (Controller.java:82)
Method &lt;project.CONTROLLER.Controller.openInserimentoArticoloSuConferenza()&gt; calls method &lt;project.VIEW.InserimentoArticoloSuConferenzaGUI.setVisible(boolean)&gt; in (Controller.java:194)
Method &lt;project.CONTROLLER.Controller.openInserimentoArticoloSuConferenza()&gt; calls method &lt;project.VIEW.InserisciMaterialeGUI.setVisible(boolean)&gt; in (Controller.java:193)
Method &lt;project.CONTROLLER.Controller.openInserimentoArticoloSuRivista()&gt; calls method &lt;project.VIEW.InserimentoArticoloSuRivistaGUI.setVisible(boolean)&gt; in (Controller.java:199)
Method &lt;project.CONTROLLER.Controller.openInserimentoArticoloSuRivista()&gt; calls method &lt;project.VIEW.InserisciMaterialeGUI.setVisible(boolean)&gt; in (Controller.java:198)
Method &lt;project.CONTROLLER.Controller.openInserimentoDataset()&gt; calls method &lt;project.VIEW.InserimentoDatasetGUI.setVisible(boolean)&gt; in (Controller.java:183)
Method &lt;project.CONTROLLER.Controller.openInserimentoDataset()&gt; calls method &lt;project.VIEW.InserisciMaterialeGUI.setVisible(boolean)&gt; in (Controller.java:182)
Method &lt;project.CONTROLLER.Controller.openInserimentoLibro()&gt; calls method &lt;project.VIEW.InserimentoLibroGUI.setVisible(boolean)&gt; in (Controller.java:133)
Method &lt;project.CONTROLLER.Controller.openInserimentoLibro()&gt; calls method &lt;project.VIEW.InserisciMaterialeGUI.setVisible(boolean)&gt; in (Controller.java:132)
Method &lt;project.CONTROLLER.Controller.openInserimentoRisoraOnline()&gt; calls method &lt;project.VIEW.InserimentoRisorsaOnlineGUI.setVisible(boolean)&gt; in (Controller.java:188)
Method &lt;project.CONTROLLER.Controller.openInserimentoRisoraOnline()&gt; calls method &lt;project.VIEW.InserisciMaterialeGUI.setVisible(boolean)&gt; in (Controller.java:187)
Method &lt;project.CONTROLLER.Controller.openInsesciMaterialeGUI()&gt; calls method &lt;project.VIEW.InserimentoArticoloSuConferenzaGUI.setVisible(boolean)&gt; in (Controller.java:121)
Method &lt;project.CONTROLLER.Controller.openInsesciMaterialeGUI()&gt; calls method &lt;project.VIEW.InserimentoArticoloSuRivistaGUI.setVisible(boolean)&gt; in (Controller.java:122)
Method &lt;project.CONTROLLER.Controller.openInsesciMaterialeGUI()&gt; calls method &lt;project.VIEW.InserimentoDatasetGUI.setVisible(boolean)&gt; in (Controller.java:119)
Method &lt;project.CONTROLLER.Controller.openInsesciMaterialeGUI()&gt; calls method &lt;project.VIEW.InserimentoLibroGUI.setVisible(boolean)&gt; in (Controller.java:118)
Method &lt;project.CONTROLLER.Controller.openInsesciMaterialeGUI()&gt; calls method &lt;project.VIEW.InserimentoRisorsaOnlineGUI.setVisible(boolean)&gt; in (Controller.java:120)
Method &lt;project.CONTROLLER.Controller.openInsesciMaterialeGUI()&gt; calls method &lt;project.VIEW.InserisciMaterialeGUI.setVisible(boolean)&gt; in (Controller.java:123)
Method &lt;project.CONTROLLER.Controller.openInsesciMaterialeGUI()&gt; calls method &lt;project.VIEW.PortaleAutoriGUI.setVisible(boolean)&gt; in (Controller.java:117)
Method &lt;project.CONTROLLER.Controller.openLibreria()&gt; calls method &lt;project.VIEW.HomeGUI.setVisible(boolean)&gt; in (Controller.java:89)
Method &lt;project.CONTROLLER.Controller.openLibreria()&gt; calls method &lt;project.VIEW.LibreriaGUI.setVisible(boolean)&gt; in (Controller.java:90)
Method &lt;project.CONTROLLER.Controller.openModificaArticoloSuConferenza(project.struttureDiAppoggio.RigaTabellaArticoloSuConferenza)&gt; calls constructor &lt;project.VIEW.ModificaArticoloSuConferenzaGUI.&lt;init&gt;(project.CONTROLLER.Controller, project.struttureDiAppoggio.RigaTabellaArticoloSuConferenza)&gt; in (Controller.java:1157)
Method &lt;project.CONTROLLER.Controller.openModificaArticoloSuConferenza(project.struttureDiAppoggio.RigaTabellaArticoloSuConferenza)&gt; calls method &lt;project.VIEW.ModificaArticoloSuConferenzaGUI.setVisible(boolean)&gt; in (Controller.java:1158)
Method &lt;project.CONTROLLER.Controller.openModificaArticoloSuRivista(project.struttureDiAppoggio.RigaTabellaArticoloSuRivista)&gt; calls constructor &lt;project.VIEW.ModificaArticoloSuRivistaGUI.&lt;init&gt;(project.CONTROLLER.Controller, project.struttureDiAppoggio.RigaTabellaArticoloSuRivista)&gt; in (Controller.java:1151)
Method &lt;project.CONTROLLER.Controller.openModificaArticoloSuRivista(project.struttureDiAppoggio.RigaTabellaArticoloSuRivista)&gt; calls method &lt;project.VIEW.ModificaArticoloSuRivistaGUI.setVisible(boolean)&gt; in (Controller.java:1152)
Method &lt;project.CONTROLLER.Controller.openModificaAutoriADMIN()&gt; calls constructor &lt;project.VIEW.ModificaAutoriADMINGUI.&lt;init&gt;(project.CONTROLLER.Controller, java.util.List)&gt; in (Controller.java:259)
Method &lt;project.CONTROLLER.Controller.openModificaAutoriADMIN()&gt; calls method &lt;project.VIEW.ModificaAutoriADMINGUI.setVisible(boolean)&gt; in (Controller.java:260)
Method &lt;project.CONTROLLER.Controller.openModificaCategorie(project.MODEL.Materiale)&gt; calls constructor &lt;project.VIEW.ModificaCategorieGUI.&lt;init&gt;(project.CONTROLLER.Controller, java.util.List, project.MODEL.Materiale)&gt; in (Controller.java:342)
Method &lt;project.CONTROLLER.Controller.openModificaCategorie(project.MODEL.Materiale)&gt; calls method &lt;project.VIEW.ModificaCategorieGUI.setVisible(boolean)&gt; in (Controller.java:343)
Method &lt;project.CONTROLLER.Controller.openModificaCitazioni(project.MODEL.Materiale)&gt; calls constructor &lt;project.VIEW.ModificaCitazioneGUI.&lt;init&gt;(project.CONTROLLER.Controller, java.util.List, project.MODEL.Materiale)&gt; in (Controller.java:402)
Method &lt;project.CONTROLLER.Controller.openModificaCitazioni(project.MODEL.Materiale)&gt; calls method &lt;project.VIEW.ModificaCitazioneGUI.setVisible(boolean)&gt; in (Controller.java:403)
Method &lt;project.CONTROLLER.Controller.openModificaDataset(project.struttureDiAppoggio.RigaTabellaDataset)&gt; calls constructor &lt;project.VIEW.ModificaDatasetGUI.&lt;init&gt;(project.CONTROLLER.Controller, project.struttureDiAppoggio.RigaTabellaDataset)&gt; in (Controller.java:1168)
Method &lt;project.CONTROLLER.Controller.openModificaDataset(project.struttureDiAppoggio.RigaTabellaDataset)&gt; calls method &lt;project.VIEW.ModificaDatasetGUI.setVisible(boolean)&gt; in (Controller.java:1169)
Method &lt;project.CONTROLLER.Controller.openModificaLibro(project.struttureDiAppoggio.RigaTabellaLibro)&gt; calls constructor &lt;project.VIEW.ModificaLibroGUI.&lt;init&gt;(project.CONTROLLER.Controller, project.struttureDiAppoggio.RigaTabellaLibro)&gt; in (Controller.java:1174)
Method &lt;project.CONTROLLER.Controller.openModificaLibro(project.struttureDiAppoggio.RigaTabellaLibro)&gt; calls method &lt;project.VIEW.ModificaLibroGUI.setVisible(boolean)&gt; in (Controller.java:1175)
Method &lt;project.CONTROLLER.Controller.openModificaMateriale()&gt; calls constructor &lt;project.VIEW.ModificaMaterialeGUI.&lt;init&gt;(project.CONTROLLER.Controller, java.util.List)&gt; in (Controller.java:210)
Method &lt;project.CONTROLLER.Controller.openModificaMateriale()&gt; calls method &lt;project.VIEW.ModificaMaterialeGUI.setVisible(boolean)&gt; in (Controller.java:211)
Method &lt;project.CONTROLLER.Controller.openModificaMaterialeADMIN()&gt; calls constructor &lt;project.VIEW.ModificaMaterialiADMINGUI.&lt;init&gt;(project.CONTROLLER.Controller, java.util.List)&gt; in (Controller.java:222)
Method &lt;project.CONTROLLER.Controller.openModificaMaterialeADMIN()&gt; calls method &lt;project.VIEW.ModificaMaterialiADMINGUI.setVisible(boolean)&gt; in (Controller.java:223)
Method &lt;project.CONTROLLER.Controller.openModificaParoleChiave(project.MODEL.Materiale)&gt; calls constructor &lt;project.VIEW.ModificaParoleAssociateGUI.&lt;init&gt;(project.CONTROLLER.Controller, java.util.List, project.MODEL.Materiale)&gt; in (Controller.java:330)
Method &lt;project.CONTROLLER.Controller.openModificaParoleChiave(project.MODEL.Materiale)&gt; calls method &lt;project.VIEW.ModificaParoleAssociateGUI.setVisible(boolean)&gt; in (Controller.java:331)
Method &lt;project.CONTROLLER.Controller.openModificaRisorsaOnline(project.struttureDiAppoggio.RigaTabellaRisorsaOnline)&gt; calls constructor &lt;project.VIEW.ModificaRisorsaOnlineGUI.&lt;init&gt;(project.CONTROLLER.Controller, project.struttureDiAppoggio.RigaTabellaRisorsaOnline)&gt; in (Controller.java:1162)
Method &lt;project.CONTROLLER.Controller.openModificaRisorsaOnline(project.struttureDiAppoggio.RigaTabellaRisorsaOnline)&gt; calls method &lt;project.VIEW.ModificaRisorsaOnlineGUI.setVisible(boolean)&gt; in (Controller.java:1163)
Method &lt;project.CONTROLLER.Controller.openParoleChiaveAssociate(java.lang.String)&gt; calls constructor &lt;project.VIEW.VisualizzaParoleAssociateGUI.&lt;init&gt;(project.CONTROLLER.Controller, java.util.List, java.lang.String)&gt; in (Controller.java:610)
Method &lt;project.CONTROLLER.Controller.openParoleChiaveAssociate(java.lang.String)&gt; calls method &lt;project.VIEW.VisualizzaParoleAssociateGUI.setVisible(boolean)&gt; in (Controller.java:611)
Method &lt;project.CONTROLLER.Controller.openPortaleAmministratore()&gt; calls constructor &lt;project.VIEW.PortaleAmministratoreGUI.&lt;init&gt;(project.CONTROLLER.Controller)&gt; in (Controller.java:112)
Method &lt;project.CONTROLLER.Controller.openPortaleAmministratore()&gt; calls method &lt;project.VIEW.AccessoPortaleAmministratoreGUI.setVisible(boolean)&gt; in (Controller.java:111)
Method &lt;project.CONTROLLER.Controller.openPortaleAmministratore()&gt; calls method &lt;project.VIEW.PortaleAmministratoreGUI.setVisible(boolean)&gt; in (Controller.java:113)
Method &lt;project.CONTROLLER.Controller.openPortaleAutori()&gt; calls constructor &lt;project.VIEW.PortaleAutoriGUI.&lt;init&gt;(project.CONTROLLER.Controller, project.MODEL.Autore)&gt; in (Controller.java:101)
Method &lt;project.CONTROLLER.Controller.openPortaleAutori()&gt; calls method &lt;project.VIEW.AccessoPortaleAutoriGUI.setVisible(boolean)&gt; in (Controller.java:100)
Method &lt;project.CONTROLLER.Controller.openPortaleAutori()&gt; calls method &lt;project.VIEW.PortaleAutoriGUI.setVisible(boolean)&gt; in (Controller.java:102)
Method &lt;project.CONTROLLER.Controller.openRegistrazione()&gt; calls method &lt;project.VIEW.AccessoPortaleAutoriGUI.setVisible(boolean)&gt; in (Controller.java:127)
Method &lt;project.CONTROLLER.Controller.openRegistrazione()&gt; calls method &lt;project.VIEW.RegistrazioneGUI.setVisible(boolean)&gt; in (Controller.java:128)
Method &lt;project.CONTROLLER.Controller.openRicerca()&gt; calls method &lt;project.VIEW.LibreriaGUI.setVisible(boolean)&gt; in (Controller.java:308)
Method &lt;project.CONTROLLER.Controller.openRicerca()&gt; calls method &lt;project.VIEW.RicercaGUI.setVisible(boolean)&gt; in (Controller.java:309)
Method &lt;project.CONTROLLER.Controller.openVisualizzaArticoloSuConferenza()&gt; calls constructor &lt;project.VIEW.VisualizzaArticoliSuConferenzaGUI.&lt;init&gt;(project.CONTROLLER.Controller, java.util.List)&gt; in (Controller.java:578)
Method &lt;project.CONTROLLER.Controller.openVisualizzaArticoloSuConferenza()&gt; calls method &lt;project.VIEW.VisualizzaArticoliSuConferenzaGUI.setVisible(boolean)&gt; in (Controller.java:579)
Method &lt;project.CONTROLLER.Controller.openVisualizzaArticoloSuRivista()&gt; calls constructor &lt;project.VIEW.VisualizzaArticoliSuRivistaGUI.&lt;init&gt;(project.CONTROLLER.Controller, java.util.List)&gt; in (Controller.java:590)
Method &lt;project.CONTROLLER.Controller.openVisualizzaArticoloSuRivista()&gt; calls method &lt;project.VIEW.VisualizzaArticoliSuRivistaGUI.setVisible(boolean)&gt; in (Controller.java:591)
Method &lt;project.CONTROLLER.Controller.openVisualizzaDataset()&gt; calls constructor &lt;project.VIEW.VisualizzaDatasetGUI.&lt;init&gt;(project.CONTROLLER.Controller, java.util.List)&gt; in (Controller.java:553)
Method &lt;project.CONTROLLER.Controller.openVisualizzaDataset()&gt; calls method &lt;project.VIEW.VisualizzaDatasetGUI.setVisible(boolean)&gt; in (Controller.java:554)
Method &lt;project.CONTROLLER.Controller.openVisualizzaLibreria()&gt; calls constructor &lt;project.VIEW.VisualizzaLibreriaGUI.&lt;init&gt;(project.CONTROLLER.Controller, java.util.List)&gt; in (Controller.java:528)
Method &lt;project.CONTROLLER.Controller.openVisualizzaLibreria()&gt; calls method &lt;project.VIEW.LibreriaGUI.setVisible(boolean)&gt; in (Controller.java:521)
Method &lt;project.CONTROLLER.Controller.openVisualizzaLibreria()&gt; calls method &lt;project.VIEW.VisualizzaLibreriaGUI.setVisible(boolean)&gt; in (Controller.java:529)
Method &lt;project.CONTROLLER.Controller.openVisualizzaLibri()&gt; calls constructor &lt;project.VIEW.VisualizzaLibriGUI.&lt;init&gt;(project.CONTROLLER.Controller, java.util.List)&gt; in (Controller.java:540)
Method &lt;project.CONTROLLER.Controller.openVisualizzaLibri()&gt; calls method &lt;project.VIEW.VisualizzaLibriGUI.setVisible(boolean)&gt; in (Controller.java:541)
Method &lt;project.CONTROLLER.Controller.openVisualizzaRisorsaOnline()&gt; calls constructor &lt;project.VIEW.VisualizzaRisorsaOnlineGUI.&lt;init&gt;(project.CONTROLLER.Controller, java.util.List)&gt; in (Controller.java:565)
Method &lt;project.CONTROLLER.Controller.openVisualizzaRisorsaOnline()&gt; calls method &lt;project.VIEW.VisualizzaRisorsaOnlineGUI.setVisible(boolean)&gt; in (Controller.java:566)
Method &lt;project.CONTROLLER.Controller.returnToPortaleAutori()&gt; calls method &lt;project.VIEW.InserimentoArticoloSuConferenzaGUI.setVisible(boolean)&gt; in (Controller.java:156)
Method &lt;project.CONTROLLER.Controller.returnToPortaleAutori()&gt; calls method &lt;project.VIEW.InserimentoArticoloSuRivistaGUI.setVisible(boolean)&gt; in (Controller.java:157)
Method &lt;project.CONTROLLER.Controller.returnToPortaleAutori()&gt; calls method &lt;project.VIEW.InserimentoDatasetGUI.setVisible(boolean)&gt; in (Controller.java:154)
Method &lt;project.CONTROLLER.Controller.returnToPortaleAutori()&gt; calls method &lt;project.VIEW.InserimentoLibroGUI.setVisible(boolean)&gt; in (Controller.java:153)
Method &lt;project.CONTROLLER.Controller.returnToPortaleAutori()&gt; calls method &lt;project.VIEW.InserimentoRisorsaOnlineGUI.setVisible(boolean)&gt; in (Controller.java:155)
Method &lt;project.CONTROLLER.Controller.returnToPortaleAutori()&gt; calls method &lt;project.VIEW.InserisciMaterialeGUI.setVisible(boolean)&gt; in (Controller.java:158)
	at com.tngtech.archunit.lang.ArchRule$Assertions.assertNoViolation(ArchRule.java:94)
	at com.tngtech.archunit.lang.ArchRule$Assertions.check(ArchRule.java:82)
	at com.tngtech.archunit.library.Architectures$LayeredArchitecture.check(Architectures.java:291)
	at com.tngtech.archunit.junit.ArchRuleExecution.evaluateOn(ArchRuleExecution.java:43)
	at com.tngtech.archunit.junit.ArchUnitRunner.runChild(ArchUnitRunner.java:154)
	at com.tngtech.archunit.junit.ArchUnitRunner.runChild(ArchUnitRunner.java:63)
	at org.junit.runners.ParentRunner$4.run(ParentRunner.java:331)
	at org.junit.runners.ParentRunner$1.schedule(ParentRunner.java:79)
	at org.junit.runners.ParentRunner.runChildren(ParentRunner.java:329)
	at org.junit.runners.ParentRunner.access$100(ParentRunner.java:66)
	at org.junit.runners.ParentRunner$2.evaluate(ParentRunner.java:293)
	at org.junit.runners.ParentRunner$3.evaluate(ParentRunner.java:306)
	at com.tngtech.archunit.junit.ArchUnitRunner$1.evaluate(ArchUnitRunner.java:88)
	at org.junit.runners.ParentRunner.run(ParentRunner.java:413)
	at org.apache.maven.surefire.junit4.JUnit4Provider.execute(JUnit4Provider.java:252)
	at org.apache.maven.surefire.junit4.JUnit4Provider.executeTestSet(JUnit4Provider.java:141)
	at org.apache.maven.surefire.junit4.JUnit4Provider.invoke(JUnit4Provider.java:112)
	at java.base/jdk.internal.reflect.NativeMethodAccessorImpl.invoke0(Native Method)
	at java.base/jdk.internal.reflect.NativeMethodAccessorImpl.invoke(NativeMethodAccessorImpl.java:62)
	at java.base/jdk.internal.reflect.DelegatingMethodAccessorImpl.invoke(DelegatingMethodAccessorImpl.java:43)
	at java.base/java.lang.reflect.Method.invoke(Method.java:566)
	at org.apache.maven.surefire.util.ReflectionUtils.invokeMethodWithArray(ReflectionUtils.java:189)
	at org.apache.maven.surefire.booter.ProviderFactory$ProviderProxy.invoke(ProviderFactory.java:165)
	at org.apache.maven.surefire.booter.ProviderFactory.invokeProvider(ProviderFactory.java:85)
	at org.apache.maven.surefire.booter.ForkedBooter.runSuitesInProcess(ForkedBooter.java:115)
	at org.apache.maven.surefire.booter.ForkedBooter.main(ForkedBooter.java:75)
</failure>
  </testcase>
  <testcase classname="LayeredArchitectureTest" name="view_loop" time="0.004"/>
</testsuite>